{"timestamp":"2025-05-17T17:20:35.496Z","level":"DEBUG","message":"Listing folders for parent","data":{"parentId":"1tsOf-8jaWutb8P6CLTyry3O00MlhMqR1","childrenDepth":0}}
{"timestamp":"2025-05-17T17:20:35.496Z","level":"INFO","message":"Starting recursive Drive folder and file list request","data":null}
{"timestamp":"2025-05-17T17:20:35.497Z","level":"INFO","message":"Starting recursive Drive folder and file list request","data":null}
{"timestamp":"2025-05-17T17:20:35.496Z","level":"DEBUG","message":"Starting recursive listing from base folder","data":{"baseFolder":"1tsOf-8jaWutb8P6CLTyry3O00MlhMqR1"}}
{"timestamp":"2025-05-17T17:20:35.497Z","level":"DEBUG","message":"Starting recursive listing from base folder","data":{"baseFolder":"1tsOf-8jaWutb8P6CLTyry3O00MlhMqR1"}}
{"timestamp":"2025-05-17T17:20:35.497Z","level":"DEBUG","message":"Listing folders for parent","data":{"parentId":"1tsOf-8jaWutb8P6CLTyry3O00MlhMqR1","childrenDepth":0}}
{"timestamp":"2025-05-17T17:20:35.455Z","level":"DEBUG","message":"Drive auth initialized","data":{"isAuthSet":true,"clientEmail":"log4u-se..."}}
{"timestamp":"2025-05-17T17:20:36.077Z","level":"DEBUG","message":"Listing folders for parent","data":{"parentId":"1k1swu9pG0Izso2Lf_koe_572_C3RErnW","childrenDepth":1}}
{"timestamp":"2025-05-17T17:20:36.224Z","level":"DEBUG","message":"Listing folders for parent","data":{"parentId":"1k1swu9pG0Izso2Lf_koe_572_C3RErnW","childrenDepth":1}}
{"timestamp":"2025-05-17T17:20:36.395Z","level":"DEBUG","message":"Listing folders for parent","data":{"parentId":"1yB2hEnvMTiXMAPzW-iQVy9tgFTUZ7cm7","childrenDepth":2}}
{"timestamp":"2025-05-17T17:20:36.395Z","level":"DEBUG","message":"Listing folders for parent","data":{"parentId":"1NJlzaSxJVApmp27AVGirPUUl-8139p7G","childrenDepth":2}}
{"timestamp":"2025-05-17T17:20:36.576Z","level":"DEBUG","message":"Listing folders for parent","data":{"parentId":"1yB2hEnvMTiXMAPzW-iQVy9tgFTUZ7cm7","childrenDepth":2}}
{"timestamp":"2025-05-17T17:20:36.576Z","level":"DEBUG","message":"Listing folders for parent","data":{"parentId":"1NJlzaSxJVApmp27AVGirPUUl-8139p7G","childrenDepth":2}}
{"timestamp":"2025-05-17T17:20:36.707Z","level":"DEBUG","message":"Listing folders for parent","data":{"parentId":"1UHg-kFNQS2Rpgbd7z9_yjvkXLsC_qGPY","childrenDepth":3}}
{"timestamp":"2025-05-17T17:20:36.839Z","level":"DEBUG","message":"Listing folders for parent","data":{"parentId":"1vdxa0sQE7s6Jk-e-aENWKhimKX6NmhqT","childrenDepth":3}}
{"timestamp":"2025-05-17T17:20:36.839Z","level":"DEBUG","message":"Listing folders for parent","data":{"parentId":"1rFg5jwBeaeeqVjva_wXaQJtWFmHGRvG8","childrenDepth":3}}
{"timestamp":"2025-05-17T17:20:36.891Z","level":"DEBUG","message":"Listing folders for parent","data":{"parentId":"1UHg-kFNQS2Rpgbd7z9_yjvkXLsC_qGPY","childrenDepth":3}}
{"timestamp":"2025-05-17T17:20:37.062Z","level":"DEBUG","message":"Listing folders for parent","data":{"parentId":"1rFg5jwBeaeeqVjva_wXaQJtWFmHGRvG8","childrenDepth":3}}
{"timestamp":"2025-05-17T17:20:37.063Z","level":"DEBUG","message":"Listing folders for parent","data":{"parentId":"1vdxa0sQE7s6Jk-e-aENWKhimKX6NmhqT","childrenDepth":3}}
{"timestamp":"2025-05-17T17:20:37.064Z","level":"DEBUG","message":"Listing media files for parent","data":{"parentId":"1jQqMxcJWK_41Ww5HJMZNiH-ue7vEDM07","childrenDepth":4}}
{"timestamp":"2025-05-17T17:20:37.064Z","level":"DEBUG","message":"Listing media files for parent","data":{"parentId":"1TGckx-Ta4nvGB7m0TVSwC2mVC1SQv2RE","childrenDepth":4}}
{"timestamp":"2025-05-17T17:20:37.175Z","level":"DEBUG","message":"Listing media files for parent","data":{"parentId":"1AIC2AmP1F2KEZouZjGpTSxZZvRFBwrmY","childrenDepth":4}}
{"timestamp":"2025-05-17T17:20:37.175Z","level":"DEBUG","message":"Listing media files for parent","data":{"parentId":"1bjf8azAyiF5k2wRZzXVbgM6URqTFozj_","childrenDepth":4}}
{"timestamp":"2025-05-17T17:20:37.270Z","level":"DEBUG","message":"Listing media files for parent","data":{"parentId":"1TGckx-Ta4nvGB7m0TVSwC2mVC1SQv2RE","childrenDepth":4}}
{"timestamp":"2025-05-17T17:20:37.270Z","level":"DEBUG","message":"Listing media files for parent","data":{"parentId":"1jQqMxcJWK_41Ww5HJMZNiH-ue7vEDM07","childrenDepth":4}}
{"timestamp":"2025-05-17T17:20:37.293Z","level":"DEBUG","message":"Listing media files for parent","data":{"parentId":"1AhE6PZYj3F-oPWCKMLzQEGNeThEz_lrn","childrenDepth":4}}
{"timestamp":"2025-05-17T17:20:37.293Z","level":"DEBUG","message":"Listing media files for parent","data":{"parentId":"1kj4Ok3Y1OygotogfBiqVCaCfXhL7VZbX","childrenDepth":4}}
{"timestamp":"2025-05-17T17:20:37.393Z","level":"DEBUG","message":"Listing media files for parent","data":{"parentId":"1AIC2AmP1F2KEZouZjGpTSxZZvRFBwrmY","childrenDepth":4}}
{"timestamp":"2025-05-17T17:20:37.393Z","level":"DEBUG","message":"Listing media files for parent","data":{"parentId":"1bjf8azAyiF5k2wRZzXVbgM6URqTFozj_","childrenDepth":4}}
{"timestamp":"2025-05-17T17:20:37.394Z","level":"DEBUG","message":"Listing media files for parent","data":{"parentId":"1kj4Ok3Y1OygotogfBiqVCaCfXhL7VZbX","childrenDepth":4}}
{"timestamp":"2025-05-17T17:20:37.394Z","level":"DEBUG","message":"Listing media files for parent","data":{"parentId":"1AhE6PZYj3F-oPWCKMLzQEGNeThEz_lrn","childrenDepth":4}}
{"timestamp":"2025-05-17T17:20:37.739Z","level":"INFO","message":"Recursive Drive folder and file list completed","data":{"topLevelFolderCount":1}}
{"timestamp":"2025-05-17T17:20:37.855Z","level":"INFO","message":"Recursive Drive folder and file list completed","data":{"topLevelFolderCount":1}}
{"timestamp":"2025-05-17T17:22:38.727Z","level":"INFO","message":"Starting recursive Drive folder and file list request","data":null}
{"timestamp":"2025-05-17T17:22:38.687Z","level":"DEBUG","message":"Drive auth initialized","data":{"isAuthSet":true,"clientEmail":"log4u-se..."}}
{"timestamp":"2025-05-17T17:22:38.727Z","level":"DEBUG","message":"Starting recursive listing from base folder","data":{"baseFolder":"1tsOf-8jaWutb8P6CLTyry3O00MlhMqR1"}}
{"timestamp":"2025-05-17T17:22:38.727Z","level":"DEBUG","message":"Listing folders for parent","data":{"parentId":"1tsOf-8jaWutb8P6CLTyry3O00MlhMqR1","childrenDepth":0}}
{"timestamp":"2025-05-17T17:22:38.728Z","level":"INFO","message":"Starting recursive Drive folder and file list request","data":null}
{"timestamp":"2025-05-17T17:22:38.728Z","level":"DEBUG","message":"Starting recursive listing from base folder","data":{"baseFolder":"1tsOf-8jaWutb8P6CLTyry3O00MlhMqR1"}}
{"timestamp":"2025-05-17T17:22:38.728Z","level":"DEBUG","message":"Listing folders for parent","data":{"parentId":"1tsOf-8jaWutb8P6CLTyry3O00MlhMqR1","childrenDepth":0}}
{"timestamp":"2025-05-17T17:22:39.508Z","level":"DEBUG","message":"Listing folders for parent","data":{"parentId":"1k1swu9pG0Izso2Lf_koe_572_C3RErnW","childrenDepth":1}}
{"timestamp":"2025-05-17T17:22:39.639Z","level":"DEBUG","message":"Listing folders for parent","data":{"parentId":"1k1swu9pG0Izso2Lf_koe_572_C3RErnW","childrenDepth":1}}
{"timestamp":"2025-05-17T17:22:39.839Z","level":"DEBUG","message":"Listing folders for parent","data":{"parentId":"1yB2hEnvMTiXMAPzW-iQVy9tgFTUZ7cm7","childrenDepth":2}}
{"timestamp":"2025-05-17T17:22:39.839Z","level":"DEBUG","message":"Listing folders for parent","data":{"parentId":"1NJlzaSxJVApmp27AVGirPUUl-8139p7G","childrenDepth":2}}
{"timestamp":"2025-05-17T17:22:39.985Z","level":"DEBUG","message":"Listing folders for parent","data":{"parentId":"1yB2hEnvMTiXMAPzW-iQVy9tgFTUZ7cm7","childrenDepth":2}}
{"timestamp":"2025-05-17T17:22:39.985Z","level":"DEBUG","message":"Listing folders for parent","data":{"parentId":"1NJlzaSxJVApmp27AVGirPUUl-8139p7G","childrenDepth":2}}
{"timestamp":"2025-05-17T17:22:40.180Z","level":"DEBUG","message":"Listing folders for parent","data":{"parentId":"1UHg-kFNQS2Rpgbd7z9_yjvkXLsC_qGPY","childrenDepth":3}}
{"timestamp":"2025-05-17T17:22:40.302Z","level":"DEBUG","message":"Listing folders for parent","data":{"parentId":"1vdxa0sQE7s6Jk-e-aENWKhimKX6NmhqT","childrenDepth":3}}
{"timestamp":"2025-05-17T17:22:40.302Z","level":"DEBUG","message":"Listing folders for parent","data":{"parentId":"1rFg5jwBeaeeqVjva_wXaQJtWFmHGRvG8","childrenDepth":3}}
{"timestamp":"2025-05-17T17:22:40.352Z","level":"DEBUG","message":"Listing folders for parent","data":{"parentId":"1UHg-kFNQS2Rpgbd7z9_yjvkXLsC_qGPY","childrenDepth":3}}
{"timestamp":"2025-05-17T17:22:40.422Z","level":"DEBUG","message":"Listing folders for parent","data":{"parentId":"1rFg5jwBeaeeqVjva_wXaQJtWFmHGRvG8","childrenDepth":3}}
{"timestamp":"2025-05-17T17:22:40.422Z","level":"DEBUG","message":"Listing folders for parent","data":{"parentId":"1vdxa0sQE7s6Jk-e-aENWKhimKX6NmhqT","childrenDepth":3}}
{"timestamp":"2025-05-17T17:22:40.568Z","level":"DEBUG","message":"Listing media files for parent","data":{"parentId":"1jQqMxcJWK_41Ww5HJMZNiH-ue7vEDM07","childrenDepth":4}}
{"timestamp":"2025-05-17T17:22:40.568Z","level":"DEBUG","message":"Listing media files for parent","data":{"parentId":"1TGckx-Ta4nvGB7m0TVSwC2mVC1SQv2RE","childrenDepth":4}}
{"timestamp":"2025-05-17T17:22:40.644Z","level":"DEBUG","message":"Listing media files for parent","data":{"parentId":"1bjf8azAyiF5k2wRZzXVbgM6URqTFozj_","childrenDepth":4}}
{"timestamp":"2025-05-17T17:22:40.644Z","level":"DEBUG","message":"Listing media files for parent","data":{"parentId":"1AIC2AmP1F2KEZouZjGpTSxZZvRFBwrmY","childrenDepth":4}}
{"timestamp":"2025-05-17T17:22:40.689Z","level":"DEBUG","message":"Listing media files for parent","data":{"parentId":"1TGckx-Ta4nvGB7m0TVSwC2mVC1SQv2RE","childrenDepth":4}}
{"timestamp":"2025-05-17T17:22:40.689Z","level":"DEBUG","message":"Listing media files for parent","data":{"parentId":"1jQqMxcJWK_41Ww5HJMZNiH-ue7vEDM07","childrenDepth":4}}
{"timestamp":"2025-05-17T17:22:40.794Z","level":"DEBUG","message":"Listing media files for parent","data":{"parentId":"1kj4Ok3Y1OygotogfBiqVCaCfXhL7VZbX","childrenDepth":4}}
{"timestamp":"2025-05-17T17:22:40.794Z","level":"DEBUG","message":"Listing media files for parent","data":{"parentId":"1AhE6PZYj3F-oPWCKMLzQEGNeThEz_lrn","childrenDepth":4}}
{"timestamp":"2025-05-17T17:22:40.798Z","level":"DEBUG","message":"Listing media files for parent","data":{"parentId":"1AIC2AmP1F2KEZouZjGpTSxZZvRFBwrmY","childrenDepth":4}}
{"timestamp":"2025-05-17T17:22:40.798Z","level":"DEBUG","message":"Listing media files for parent","data":{"parentId":"1bjf8azAyiF5k2wRZzXVbgM6URqTFozj_","childrenDepth":4}}
{"timestamp":"2025-05-17T17:22:40.822Z","level":"DEBUG","message":"Listing media files for parent","data":{"parentId":"1kj4Ok3Y1OygotogfBiqVCaCfXhL7VZbX","childrenDepth":4}}
{"timestamp":"2025-05-17T17:22:40.822Z","level":"DEBUG","message":"Listing media files for parent","data":{"parentId":"1AhE6PZYj3F-oPWCKMLzQEGNeThEz_lrn","childrenDepth":4}}
{"timestamp":"2025-05-17T17:22:41.137Z","level":"INFO","message":"Recursive Drive folder and file list completed","data":{"topLevelFolderCount":1}}
{"timestamp":"2025-05-17T17:22:41.324Z","level":"INFO","message":"Recursive Drive folder and file list completed","data":{"topLevelFolderCount":1}}
{"timestamp":"2025-05-17T17:22:57.594Z","level":"DEBUG","message":"Drive auth initialized","data":{"isAuthSet":true,"clientEmail":"log4u-se..."}}
{"timestamp":"2025-05-17T17:22:57.641Z","level":"INFO","message":"Starting recursive Drive folder and file list request","data":null}
{"timestamp":"2025-05-17T17:22:57.642Z","level":"INFO","message":"Starting recursive Drive folder and file list request","data":null}
{"timestamp":"2025-05-17T17:22:57.641Z","level":"DEBUG","message":"Starting recursive listing from base folder","data":{"baseFolder":"1tsOf-8jaWutb8P6CLTyry3O00MlhMqR1"}}
{"timestamp":"2025-05-17T17:22:57.641Z","level":"DEBUG","message":"Listing folders for parent","data":{"parentId":"1tsOf-8jaWutb8P6CLTyry3O00MlhMqR1","childrenDepth":0}}
{"timestamp":"2025-05-17T17:22:57.642Z","level":"DEBUG","message":"Starting recursive listing from base folder","data":{"baseFolder":"1tsOf-8jaWutb8P6CLTyry3O00MlhMqR1"}}
{"timestamp":"2025-05-17T17:22:57.642Z","level":"DEBUG","message":"Listing folders for parent","data":{"parentId":"1tsOf-8jaWutb8P6CLTyry3O00MlhMqR1","childrenDepth":0}}
{"timestamp":"2025-05-17T17:22:58.353Z","level":"DEBUG","message":"Listing folders for parent","data":{"parentId":"1k1swu9pG0Izso2Lf_koe_572_C3RErnW","childrenDepth":1}}
{"timestamp":"2025-05-17T17:22:58.555Z","level":"DEBUG","message":"Listing folders for parent","data":{"parentId":"1k1swu9pG0Izso2Lf_koe_572_C3RErnW","childrenDepth":1}}
{"timestamp":"2025-05-17T17:22:58.718Z","level":"DEBUG","message":"Listing folders for parent","data":{"parentId":"1NJlzaSxJVApmp27AVGirPUUl-8139p7G","childrenDepth":2}}
{"timestamp":"2025-05-17T17:22:58.718Z","level":"DEBUG","message":"Listing folders for parent","data":{"parentId":"1yB2hEnvMTiXMAPzW-iQVy9tgFTUZ7cm7","childrenDepth":2}}
{"timestamp":"2025-05-17T17:22:58.898Z","level":"DEBUG","message":"Listing folders for parent","data":{"parentId":"1yB2hEnvMTiXMAPzW-iQVy9tgFTUZ7cm7","childrenDepth":2}}
{"timestamp":"2025-05-17T17:22:58.898Z","level":"DEBUG","message":"Listing folders for parent","data":{"parentId":"1NJlzaSxJVApmp27AVGirPUUl-8139p7G","childrenDepth":2}}
{"timestamp":"2025-05-17T17:22:59.051Z","level":"DEBUG","message":"Listing folders for parent","data":{"parentId":"1UHg-kFNQS2Rpgbd7z9_yjvkXLsC_qGPY","childrenDepth":3}}
{"timestamp":"2025-05-17T17:22:59.180Z","level":"DEBUG","message":"Listing folders for parent","data":{"parentId":"1vdxa0sQE7s6Jk-e-aENWKhimKX6NmhqT","childrenDepth":3}}
{"timestamp":"2025-05-17T17:22:59.180Z","level":"DEBUG","message":"Listing folders for parent","data":{"parentId":"1rFg5jwBeaeeqVjva_wXaQJtWFmHGRvG8","childrenDepth":3}}
{"timestamp":"2025-05-17T17:22:59.215Z","level":"DEBUG","message":"Listing folders for parent","data":{"parentId":"1UHg-kFNQS2Rpgbd7z9_yjvkXLsC_qGPY","childrenDepth":3}}
{"timestamp":"2025-05-17T17:22:59.396Z","level":"DEBUG","message":"Listing media files for parent","data":{"parentId":"1TGckx-Ta4nvGB7m0TVSwC2mVC1SQv2RE","childrenDepth":4}}
{"timestamp":"2025-05-17T17:22:59.396Z","level":"DEBUG","message":"Listing media files for parent","data":{"parentId":"1jQqMxcJWK_41Ww5HJMZNiH-ue7vEDM07","childrenDepth":4}}
{"timestamp":"2025-05-17T17:22:59.397Z","level":"DEBUG","message":"Listing folders for parent","data":{"parentId":"1rFg5jwBeaeeqVjva_wXaQJtWFmHGRvG8","childrenDepth":3}}
{"timestamp":"2025-05-17T17:22:59.397Z","level":"DEBUG","message":"Listing folders for parent","data":{"parentId":"1vdxa0sQE7s6Jk-e-aENWKhimKX6NmhqT","childrenDepth":3}}
{"timestamp":"2025-05-17T17:22:59.525Z","level":"DEBUG","message":"Listing media files for parent","data":{"parentId":"1jQqMxcJWK_41Ww5HJMZNiH-ue7vEDM07","childrenDepth":4}}
{"timestamp":"2025-05-17T17:22:59.525Z","level":"DEBUG","message":"Listing media files for parent","data":{"parentId":"1TGckx-Ta4nvGB7m0TVSwC2mVC1SQv2RE","childrenDepth":4}}
{"timestamp":"2025-05-17T17:22:59.530Z","level":"DEBUG","message":"Listing media files for parent","data":{"parentId":"1AIC2AmP1F2KEZouZjGpTSxZZvRFBwrmY","childrenDepth":4}}
{"timestamp":"2025-05-17T17:22:59.530Z","level":"DEBUG","message":"Listing media files for parent","data":{"parentId":"1bjf8azAyiF5k2wRZzXVbgM6URqTFozj_","childrenDepth":4}}
{"timestamp":"2025-05-17T17:22:59.638Z","level":"DEBUG","message":"Listing media files for parent","data":{"parentId":"1AhE6PZYj3F-oPWCKMLzQEGNeThEz_lrn","childrenDepth":4}}
{"timestamp":"2025-05-17T17:22:59.638Z","level":"DEBUG","message":"Listing media files for parent","data":{"parentId":"1kj4Ok3Y1OygotogfBiqVCaCfXhL7VZbX","childrenDepth":4}}
{"timestamp":"2025-05-17T17:22:59.843Z","level":"DEBUG","message":"Listing media files for parent","data":{"parentId":"1kj4Ok3Y1OygotogfBiqVCaCfXhL7VZbX","childrenDepth":4}}
{"timestamp":"2025-05-17T17:22:59.843Z","level":"DEBUG","message":"Listing media files for parent","data":{"parentId":"1AhE6PZYj3F-oPWCKMLzQEGNeThEz_lrn","childrenDepth":4}}
{"timestamp":"2025-05-17T17:22:59.868Z","level":"DEBUG","message":"Listing media files for parent","data":{"parentId":"1AIC2AmP1F2KEZouZjGpTSxZZvRFBwrmY","childrenDepth":4}}
{"timestamp":"2025-05-17T17:22:59.869Z","level":"DEBUG","message":"Listing media files for parent","data":{"parentId":"1bjf8azAyiF5k2wRZzXVbgM6URqTFozj_","childrenDepth":4}}
{"timestamp":"2025-05-17T17:23:00.115Z","level":"INFO","message":"Recursive Drive folder and file list completed","data":{"topLevelFolderCount":1}}
{"timestamp":"2025-05-17T17:23:00.227Z","level":"INFO","message":"Recursive Drive folder and file list completed","data":{"topLevelFolderCount":1}}
{"timestamp":"2025-05-17T17:25:20.887Z","level":"DEBUG","message":"Drive auth initialized","data":{"isAuthSet":true,"clientEmail":"log4u-se..."}}
{"timestamp":"2025-05-17T17:25:20.916Z","level":"DEBUG","message":"Listing folders for parent","data":{"parentId":"1tsOf-8jaWutb8P6CLTyry3O00MlhMqR1","childrenDepth":0}}
{"timestamp":"2025-05-17T17:25:20.915Z","level":"DEBUG","message":"Starting recursive listing from base folder","data":{"baseFolder":"1tsOf-8jaWutb8P6CLTyry3O00MlhMqR1"}}
{"timestamp":"2025-05-17T17:25:20.915Z","level":"INFO","message":"Starting recursive Drive folder and file list request","data":null}
{"timestamp":"2025-05-17T17:25:20.922Z","level":"INFO","message":"Starting recursive Drive folder and file list request","data":null}
{"timestamp":"2025-05-17T17:25:20.922Z","level":"DEBUG","message":"Starting recursive listing from base folder","data":{"baseFolder":"1tsOf-8jaWutb8P6CLTyry3O00MlhMqR1"}}
{"timestamp":"2025-05-17T17:25:20.922Z","level":"DEBUG","message":"Listing folders for parent","data":{"parentId":"1tsOf-8jaWutb8P6CLTyry3O00MlhMqR1","childrenDepth":0}}
{"timestamp":"2025-05-17T17:25:21.715Z","level":"DEBUG","message":"Listing folders for parent","data":{"parentId":"1k1swu9pG0Izso2Lf_koe_572_C3RErnW","childrenDepth":1}}
{"timestamp":"2025-05-17T17:25:21.815Z","level":"DEBUG","message":"Listing folders for parent","data":{"parentId":"1k1swu9pG0Izso2Lf_koe_572_C3RErnW","childrenDepth":1}}
{"timestamp":"2025-05-17T17:25:22.041Z","level":"DEBUG","message":"Listing folders for parent","data":{"parentId":"1yB2hEnvMTiXMAPzW-iQVy9tgFTUZ7cm7","childrenDepth":2}}
{"timestamp":"2025-05-17T17:25:22.041Z","level":"DEBUG","message":"Listing folders for parent","data":{"parentId":"1NJlzaSxJVApmp27AVGirPUUl-8139p7G","childrenDepth":2}}
{"timestamp":"2025-05-17T17:25:22.155Z","level":"DEBUG","message":"Listing folders for parent","data":{"parentId":"1NJlzaSxJVApmp27AVGirPUUl-8139p7G","childrenDepth":2}}
{"timestamp":"2025-05-17T17:25:22.155Z","level":"DEBUG","message":"Listing folders for parent","data":{"parentId":"1yB2hEnvMTiXMAPzW-iQVy9tgFTUZ7cm7","childrenDepth":2}}
{"timestamp":"2025-05-17T17:25:22.421Z","level":"DEBUG","message":"Listing folders for parent","data":{"parentId":"1UHg-kFNQS2Rpgbd7z9_yjvkXLsC_qGPY","childrenDepth":3}}
{"timestamp":"2025-05-17T17:25:22.490Z","level":"DEBUG","message":"Listing folders for parent","data":{"parentId":"1UHg-kFNQS2Rpgbd7z9_yjvkXLsC_qGPY","childrenDepth":3}}
{"timestamp":"2025-05-17T17:25:22.581Z","level":"DEBUG","message":"Listing folders for parent","data":{"parentId":"1vdxa0sQE7s6Jk-e-aENWKhimKX6NmhqT","childrenDepth":3}}
{"timestamp":"2025-05-17T17:25:22.581Z","level":"DEBUG","message":"Listing folders for parent","data":{"parentId":"1rFg5jwBeaeeqVjva_wXaQJtWFmHGRvG8","childrenDepth":3}}
{"timestamp":"2025-05-17T17:25:22.670Z","level":"DEBUG","message":"Listing folders for parent","data":{"parentId":"1vdxa0sQE7s6Jk-e-aENWKhimKX6NmhqT","childrenDepth":3}}
{"timestamp":"2025-05-17T17:25:22.670Z","level":"DEBUG","message":"Listing folders for parent","data":{"parentId":"1rFg5jwBeaeeqVjva_wXaQJtWFmHGRvG8","childrenDepth":3}}
{"timestamp":"2025-05-17T17:25:22.828Z","level":"DEBUG","message":"Listing media files for parent","data":{"parentId":"1TGckx-Ta4nvGB7m0TVSwC2mVC1SQv2RE","childrenDepth":4}}
{"timestamp":"2025-05-17T17:25:22.828Z","level":"DEBUG","message":"Listing media files for parent","data":{"parentId":"1jQqMxcJWK_41Ww5HJMZNiH-ue7vEDM07","childrenDepth":4}}
{"timestamp":"2025-05-17T17:25:22.912Z","level":"DEBUG","message":"Listing media files for parent","data":{"parentId":"1AIC2AmP1F2KEZouZjGpTSxZZvRFBwrmY","childrenDepth":4}}
{"timestamp":"2025-05-17T17:25:22.913Z","level":"DEBUG","message":"Listing media files for parent","data":{"parentId":"1bjf8azAyiF5k2wRZzXVbgM6URqTFozj_","childrenDepth":4}}
{"timestamp":"2025-05-17T17:25:22.914Z","level":"DEBUG","message":"Listing media files for parent","data":{"parentId":"1jQqMxcJWK_41Ww5HJMZNiH-ue7vEDM07","childrenDepth":4}}
{"timestamp":"2025-05-17T17:25:22.914Z","level":"DEBUG","message":"Listing media files for parent","data":{"parentId":"1TGckx-Ta4nvGB7m0TVSwC2mVC1SQv2RE","childrenDepth":4}}
{"timestamp":"2025-05-17T17:25:23.007Z","level":"DEBUG","message":"Listing media files for parent","data":{"parentId":"1bjf8azAyiF5k2wRZzXVbgM6URqTFozj_","childrenDepth":4}}
{"timestamp":"2025-05-17T17:25:23.007Z","level":"DEBUG","message":"Listing media files for parent","data":{"parentId":"1AIC2AmP1F2KEZouZjGpTSxZZvRFBwrmY","childrenDepth":4}}
{"timestamp":"2025-05-17T17:25:23.087Z","level":"DEBUG","message":"Listing media files for parent","data":{"parentId":"1kj4Ok3Y1OygotogfBiqVCaCfXhL7VZbX","childrenDepth":4}}
{"timestamp":"2025-05-17T17:25:23.087Z","level":"DEBUG","message":"Listing media files for parent","data":{"parentId":"1AhE6PZYj3F-oPWCKMLzQEGNeThEz_lrn","childrenDepth":4}}
{"timestamp":"2025-05-17T17:25:23.121Z","level":"DEBUG","message":"Listing media files for parent","data":{"parentId":"1kj4Ok3Y1OygotogfBiqVCaCfXhL7VZbX","childrenDepth":4}}
{"timestamp":"2025-05-17T17:25:23.121Z","level":"DEBUG","message":"Listing media files for parent","data":{"parentId":"1AhE6PZYj3F-oPWCKMLzQEGNeThEz_lrn","childrenDepth":4}}
{"timestamp":"2025-05-17T17:25:23.564Z","level":"INFO","message":"Recursive Drive folder and file list completed","data":{"topLevelFolderCount":1}}
{"timestamp":"2025-05-17T17:25:23.584Z","level":"INFO","message":"Recursive Drive folder and file list completed","data":{"topLevelFolderCount":1}}
{"timestamp":"2025-05-17T17:28:59.653Z","level":"INFO","message":"Starting recursive Drive folder and file list request","data":null}
{"timestamp":"2025-05-17T17:28:59.610Z","level":"DEBUG","message":"Drive auth initialized","data":{"isAuthSet":true,"clientEmail":"log4u-se..."}}
{"timestamp":"2025-05-17T17:28:59.653Z","level":"DEBUG","message":"Listing folders for parent","data":{"parentId":"1tsOf-8jaWutb8P6CLTyry3O00MlhMqR1","childrenDepth":0}}
{"timestamp":"2025-05-17T17:28:59.653Z","level":"DEBUG","message":"Starting recursive listing from base folder","data":{"baseFolder":"1tsOf-8jaWutb8P6CLTyry3O00MlhMqR1"}}
{"timestamp":"2025-05-17T17:29:00.513Z","level":"DEBUG","message":"Listing folders for parent","data":{"parentId":"1k1swu9pG0Izso2Lf_koe_572_C3RErnW","childrenDepth":1}}
{"timestamp":"2025-05-17T17:29:00.910Z","level":"DEBUG","message":"Listing folders for parent","data":{"parentId":"1yB2hEnvMTiXMAPzW-iQVy9tgFTUZ7cm7","childrenDepth":2}}
{"timestamp":"2025-05-17T17:29:00.910Z","level":"DEBUG","message":"Listing folders for parent","data":{"parentId":"1NJlzaSxJVApmp27AVGirPUUl-8139p7G","childrenDepth":2}}
{"timestamp":"2025-05-17T17:29:01.220Z","level":"DEBUG","message":"Listing folders for parent","data":{"parentId":"1UHg-kFNQS2Rpgbd7z9_yjvkXLsC_qGPY","childrenDepth":3}}
{"timestamp":"2025-05-17T17:29:01.364Z","level":"DEBUG","message":"Listing folders for parent","data":{"parentId":"1rFg5jwBeaeeqVjva_wXaQJtWFmHGRvG8","childrenDepth":3}}
{"timestamp":"2025-05-17T17:29:01.364Z","level":"DEBUG","message":"Listing folders for parent","data":{"parentId":"1vdxa0sQE7s6Jk-e-aENWKhimKX6NmhqT","childrenDepth":3}}
{"timestamp":"2025-05-17T17:29:01.554Z","level":"DEBUG","message":"Listing media files for parent","data":{"parentId":"1jQqMxcJWK_41Ww5HJMZNiH-ue7vEDM07","childrenDepth":4}}
{"timestamp":"2025-05-17T17:29:01.554Z","level":"DEBUG","message":"Listing media files for parent","data":{"parentId":"1TGckx-Ta4nvGB7m0TVSwC2mVC1SQv2RE","childrenDepth":4}}
{"timestamp":"2025-05-17T17:29:01.762Z","level":"DEBUG","message":"Listing media files for parent","data":{"parentId":"1AIC2AmP1F2KEZouZjGpTSxZZvRFBwrmY","childrenDepth":4}}
{"timestamp":"2025-05-17T17:29:01.762Z","level":"DEBUG","message":"Listing media files for parent","data":{"parentId":"1bjf8azAyiF5k2wRZzXVbgM6URqTFozj_","childrenDepth":4}}
{"timestamp":"2025-05-17T17:29:01.858Z","level":"DEBUG","message":"Listing media files for parent","data":{"parentId":"1kj4Ok3Y1OygotogfBiqVCaCfXhL7VZbX","childrenDepth":4}}
{"timestamp":"2025-05-17T17:29:01.858Z","level":"DEBUG","message":"Listing media files for parent","data":{"parentId":"1AhE6PZYj3F-oPWCKMLzQEGNeThEz_lrn","childrenDepth":4}}
{"timestamp":"2025-05-17T17:29:02.294Z","level":"INFO","message":"Recursive Drive folder and file list completed","data":{"topLevelFolderCount":1}}
{"timestamp":"2025-05-17T17:36:54.054Z","level":"DEBUG","message":"Starting recursive listing from base folder","data":{"baseFolder":"1tsOf-8jaWutb8P6CLTyry3O00MlhMqR1"}}
{"timestamp":"2025-05-17T17:36:54.054Z","level":"DEBUG","message":"Listing folders for parent","data":{"parentId":"1tsOf-8jaWutb8P6CLTyry3O00MlhMqR1","childrenDepth":0}}
{"timestamp":"2025-05-17T17:36:54.054Z","level":"INFO","message":"Starting recursive Drive folder and file list request","data":null}
{"timestamp":"2025-05-17T17:36:54.011Z","level":"DEBUG","message":"Drive auth initialized","data":{"isAuthSet":true,"clientEmail":"log4u-se..."}}
{"timestamp":"2025-05-17T17:36:54.685Z","level":"DEBUG","message":"Listing folders for parent","data":{"parentId":"1k1swu9pG0Izso2Lf_koe_572_C3RErnW","childrenDepth":1}}
{"timestamp":"2025-05-17T17:36:55.071Z","level":"DEBUG","message":"Listing folders for parent","data":{"parentId":"1NJlzaSxJVApmp27AVGirPUUl-8139p7G","childrenDepth":2}}
{"timestamp":"2025-05-17T17:36:55.071Z","level":"DEBUG","message":"Listing folders for parent","data":{"parentId":"1yB2hEnvMTiXMAPzW-iQVy9tgFTUZ7cm7","childrenDepth":2}}
{"timestamp":"2025-05-17T17:36:55.431Z","level":"DEBUG","message":"Listing folders for parent","data":{"parentId":"1UHg-kFNQS2Rpgbd7z9_yjvkXLsC_qGPY","childrenDepth":3}}
{"timestamp":"2025-05-17T17:36:55.565Z","level":"DEBUG","message":"Listing folders for parent","data":{"parentId":"1vdxa0sQE7s6Jk-e-aENWKhimKX6NmhqT","childrenDepth":3}}
{"timestamp":"2025-05-17T17:36:55.565Z","level":"DEBUG","message":"Listing folders for parent","data":{"parentId":"1rFg5jwBeaeeqVjva_wXaQJtWFmHGRvG8","childrenDepth":3}}
{"timestamp":"2025-05-17T17:36:55.765Z","level":"DEBUG","message":"Listing media files for parent","data":{"parentId":"1TGckx-Ta4nvGB7m0TVSwC2mVC1SQv2RE","childrenDepth":4}}
{"timestamp":"2025-05-17T17:36:55.765Z","level":"DEBUG","message":"Listing media files for parent","data":{"parentId":"1jQqMxcJWK_41Ww5HJMZNiH-ue7vEDM07","childrenDepth":4}}
{"timestamp":"2025-05-17T17:36:55.933Z","level":"DEBUG","message":"Listing media files for parent","data":{"parentId":"1bjf8azAyiF5k2wRZzXVbgM6URqTFozj_","childrenDepth":4}}
{"timestamp":"2025-05-17T17:36:55.933Z","level":"DEBUG","message":"Listing media files for parent","data":{"parentId":"1AIC2AmP1F2KEZouZjGpTSxZZvRFBwrmY","childrenDepth":4}}
{"timestamp":"2025-05-17T17:36:56.052Z","level":"DEBUG","message":"Listing media files for parent","data":{"parentId":"1kj4Ok3Y1OygotogfBiqVCaCfXhL7VZbX","childrenDepth":4}}
{"timestamp":"2025-05-17T17:36:56.052Z","level":"DEBUG","message":"Listing media files for parent","data":{"parentId":"1AhE6PZYj3F-oPWCKMLzQEGNeThEz_lrn","childrenDepth":4}}
{"timestamp":"2025-05-17T17:36:56.525Z","level":"INFO","message":"Recursive Drive folder and file list completed","data":{"topLevelFolderCount":1}}
{"timestamp":"2025-05-17T17:39:04.133Z","level":"DEBUG","message":"Starting recursive listing from base folder","data":{"baseFolder":"1tsOf-8jaWutb8P6CLTyry3O00MlhMqR1"}}
{"timestamp":"2025-05-17T17:39:04.133Z","level":"DEBUG","message":"Listing folders for parent","data":{"parentId":"1tsOf-8jaWutb8P6CLTyry3O00MlhMqR1","childrenDepth":0}}
{"timestamp":"2025-05-17T17:39:04.133Z","level":"INFO","message":"Starting recursive Drive folder and file list request","data":null}
{"timestamp":"2025-05-17T17:39:04.134Z","level":"INFO","message":"Starting recursive Drive folder and file list request","data":null}
{"timestamp":"2025-05-17T17:39:04.134Z","level":"DEBUG","message":"Starting recursive listing from base folder","data":{"baseFolder":"1tsOf-8jaWutb8P6CLTyry3O00MlhMqR1"}}
{"timestamp":"2025-05-17T17:39:04.134Z","level":"DEBUG","message":"Listing folders for parent","data":{"parentId":"1tsOf-8jaWutb8P6CLTyry3O00MlhMqR1","childrenDepth":0}}
{"timestamp":"2025-05-17T17:39:04.088Z","level":"DEBUG","message":"Drive auth initialized","data":{"isAuthSet":true,"clientEmail":"log4u-se..."}}
{"timestamp":"2025-05-17T17:39:04.790Z","level":"DEBUG","message":"Listing folders for parent","data":{"parentId":"1k1swu9pG0Izso2Lf_koe_572_C3RErnW","childrenDepth":1}}
{"timestamp":"2025-05-17T17:39:04.957Z","level":"DEBUG","message":"Listing folders for parent","data":{"parentId":"1k1swu9pG0Izso2Lf_koe_572_C3RErnW","childrenDepth":1}}
{"timestamp":"2025-05-17T17:39:05.169Z","level":"DEBUG","message":"Listing folders for parent","data":{"parentId":"1NJlzaSxJVApmp27AVGirPUUl-8139p7G","childrenDepth":2}}
{"timestamp":"2025-05-17T17:39:05.169Z","level":"DEBUG","message":"Listing folders for parent","data":{"parentId":"1yB2hEnvMTiXMAPzW-iQVy9tgFTUZ7cm7","childrenDepth":2}}
{"timestamp":"2025-05-17T17:39:05.323Z","level":"DEBUG","message":"Listing folders for parent","data":{"parentId":"1yB2hEnvMTiXMAPzW-iQVy9tgFTUZ7cm7","childrenDepth":2}}
{"timestamp":"2025-05-17T17:39:05.323Z","level":"DEBUG","message":"Listing folders for parent","data":{"parentId":"1NJlzaSxJVApmp27AVGirPUUl-8139p7G","childrenDepth":2}}
{"timestamp":"2025-05-17T17:39:05.539Z","level":"DEBUG","message":"Listing folders for parent","data":{"parentId":"1UHg-kFNQS2Rpgbd7z9_yjvkXLsC_qGPY","childrenDepth":3}}
{"timestamp":"2025-05-17T17:39:05.645Z","level":"DEBUG","message":"Listing folders for parent","data":{"parentId":"1rFg5jwBeaeeqVjva_wXaQJtWFmHGRvG8","childrenDepth":3}}
{"timestamp":"2025-05-17T17:39:05.645Z","level":"DEBUG","message":"Listing folders for parent","data":{"parentId":"1vdxa0sQE7s6Jk-e-aENWKhimKX6NmhqT","childrenDepth":3}}
{"timestamp":"2025-05-17T17:39:05.702Z","level":"DEBUG","message":"Listing folders for parent","data":{"parentId":"1UHg-kFNQS2Rpgbd7z9_yjvkXLsC_qGPY","childrenDepth":3}}
{"timestamp":"2025-05-17T17:39:05.826Z","level":"DEBUG","message":"Listing folders for parent","data":{"parentId":"1vdxa0sQE7s6Jk-e-aENWKhimKX6NmhqT","childrenDepth":3}}
{"timestamp":"2025-05-17T17:39:05.826Z","level":"DEBUG","message":"Listing folders for parent","data":{"parentId":"1rFg5jwBeaeeqVjva_wXaQJtWFmHGRvG8","childrenDepth":3}}
{"timestamp":"2025-05-17T17:39:05.910Z","level":"DEBUG","message":"Listing media files for parent","data":{"parentId":"1TGckx-Ta4nvGB7m0TVSwC2mVC1SQv2RE","childrenDepth":4}}
{"timestamp":"2025-05-17T17:39:05.910Z","level":"DEBUG","message":"Listing media files for parent","data":{"parentId":"1jQqMxcJWK_41Ww5HJMZNiH-ue7vEDM07","childrenDepth":4}}
{"timestamp":"2025-05-17T17:39:05.988Z","level":"DEBUG","message":"Listing media files for parent","data":{"parentId":"1AIC2AmP1F2KEZouZjGpTSxZZvRFBwrmY","childrenDepth":4}}
{"timestamp":"2025-05-17T17:39:05.989Z","level":"DEBUG","message":"Listing media files for parent","data":{"parentId":"1bjf8azAyiF5k2wRZzXVbgM6URqTFozj_","childrenDepth":4}}
{"timestamp":"2025-05-17T17:39:06.086Z","level":"DEBUG","message":"Listing media files for parent","data":{"parentId":"1jQqMxcJWK_41Ww5HJMZNiH-ue7vEDM07","childrenDepth":4}}
{"timestamp":"2025-05-17T17:39:06.086Z","level":"DEBUG","message":"Listing media files for parent","data":{"parentId":"1TGckx-Ta4nvGB7m0TVSwC2mVC1SQv2RE","childrenDepth":4}}
{"timestamp":"2025-05-17T17:39:06.149Z","level":"DEBUG","message":"Listing media files for parent","data":{"parentId":"1kj4Ok3Y1OygotogfBiqVCaCfXhL7VZbX","childrenDepth":4}}
{"timestamp":"2025-05-17T17:39:06.149Z","level":"DEBUG","message":"Listing media files for parent","data":{"parentId":"1AhE6PZYj3F-oPWCKMLzQEGNeThEz_lrn","childrenDepth":4}}
{"timestamp":"2025-05-17T17:39:06.190Z","level":"DEBUG","message":"Listing media files for parent","data":{"parentId":"1bjf8azAyiF5k2wRZzXVbgM6URqTFozj_","childrenDepth":4}}
{"timestamp":"2025-05-17T17:39:06.190Z","level":"DEBUG","message":"Listing media files for parent","data":{"parentId":"1AIC2AmP1F2KEZouZjGpTSxZZvRFBwrmY","childrenDepth":4}}
{"timestamp":"2025-05-17T17:39:06.291Z","level":"DEBUG","message":"Listing media files for parent","data":{"parentId":"1AhE6PZYj3F-oPWCKMLzQEGNeThEz_lrn","childrenDepth":4}}
{"timestamp":"2025-05-17T17:39:06.291Z","level":"DEBUG","message":"Listing media files for parent","data":{"parentId":"1kj4Ok3Y1OygotogfBiqVCaCfXhL7VZbX","childrenDepth":4}}
{"timestamp":"2025-05-17T17:39:06.609Z","level":"INFO","message":"Recursive Drive folder and file list completed","data":{"topLevelFolderCount":1}}
{"timestamp":"2025-05-17T17:39:06.693Z","level":"INFO","message":"Recursive Drive folder and file list completed","data":{"topLevelFolderCount":1}}
{"timestamp":"2025-05-17T21:02:03.514Z","level":"INFO","message":"Starting recursive Drive folder and file list request","data":null}
{"timestamp":"2025-05-17T21:02:03.485Z","level":"DEBUG","message":"Drive auth initialized","data":{"isAuthSet":true,"clientEmail":"log4u-se..."}}
{"timestamp":"2025-05-17T21:02:03.514Z","level":"DEBUG","message":"Starting recursive listing from base folder","data":{"baseFolder":"1tsOf-8jaWutb8P6CLTyry3O00MlhMqR1"}}
{"timestamp":"2025-05-17T21:02:03.514Z","level":"DEBUG","message":"Listing folders for parent","data":{"parentId":"1tsOf-8jaWutb8P6CLTyry3O00MlhMqR1","childrenDepth":0}}
{"timestamp":"2025-05-17T21:02:03.524Z","level":"INFO","message":"Starting recursive Drive folder and file list request","data":null}
{"timestamp":"2025-05-17T21:02:03.524Z","level":"DEBUG","message":"Listing folders for parent","data":{"parentId":"1tsOf-8jaWutb8P6CLTyry3O00MlhMqR1","childrenDepth":0}}
{"timestamp":"2025-05-17T21:02:03.524Z","level":"DEBUG","message":"Starting recursive listing from base folder","data":{"baseFolder":"1tsOf-8jaWutb8P6CLTyry3O00MlhMqR1"}}
{"timestamp":"2025-05-17T21:02:04.322Z","level":"DEBUG","message":"Listing folders for parent","data":{"parentId":"1k1swu9pG0Izso2Lf_koe_572_C3RErnW","childrenDepth":1}}
{"timestamp":"2025-05-17T21:02:04.431Z","level":"DEBUG","message":"Listing folders for parent","data":{"parentId":"1k1swu9pG0Izso2Lf_koe_572_C3RErnW","childrenDepth":1}}
{"timestamp":"2025-05-17T21:02:04.647Z","level":"DEBUG","message":"Listing folders for parent","data":{"parentId":"1NJlzaSxJVApmp27AVGirPUUl-8139p7G","childrenDepth":2}}
{"timestamp":"2025-05-17T21:02:04.647Z","level":"DEBUG","message":"Listing folders for parent","data":{"parentId":"1yB2hEnvMTiXMAPzW-iQVy9tgFTUZ7cm7","childrenDepth":2}}
{"timestamp":"2025-05-17T21:02:04.797Z","level":"DEBUG","message":"Listing folders for parent","data":{"parentId":"1yB2hEnvMTiXMAPzW-iQVy9tgFTUZ7cm7","childrenDepth":2}}
{"timestamp":"2025-05-17T21:02:04.797Z","level":"DEBUG","message":"Listing folders for parent","data":{"parentId":"1NJlzaSxJVApmp27AVGirPUUl-8139p7G","childrenDepth":2}}
{"timestamp":"2025-05-17T21:02:05.036Z","level":"DEBUG","message":"Listing folders for parent","data":{"parentId":"1UHg-kFNQS2Rpgbd7z9_yjvkXLsC_qGPY","childrenDepth":3}}
{"timestamp":"2025-05-17T21:02:05.167Z","level":"DEBUG","message":"Listing folders for parent","data":{"parentId":"1UHg-kFNQS2Rpgbd7z9_yjvkXLsC_qGPY","childrenDepth":3}}
{"timestamp":"2025-05-17T21:02:05.252Z","level":"DEBUG","message":"Listing folders for parent","data":{"parentId":"1vdxa0sQE7s6Jk-e-aENWKhimKX6NmhqT","childrenDepth":3}}
{"timestamp":"2025-05-17T21:02:05.252Z","level":"DEBUG","message":"Listing folders for parent","data":{"parentId":"1rFg5jwBeaeeqVjva_wXaQJtWFmHGRvG8","childrenDepth":3}}
{"timestamp":"2025-05-17T21:02:05.310Z","level":"DEBUG","message":"Listing folders for parent","data":{"parentId":"1rFg5jwBeaeeqVjva_wXaQJtWFmHGRvG8","childrenDepth":3}}
{"timestamp":"2025-05-17T21:02:05.310Z","level":"DEBUG","message":"Listing folders for parent","data":{"parentId":"1vdxa0sQE7s6Jk-e-aENWKhimKX6NmhqT","childrenDepth":3}}
{"timestamp":"2025-05-17T21:02:05.407Z","level":"DEBUG","message":"Listing media files for parent","data":{"parentId":"1jQqMxcJWK_41Ww5HJMZNiH-ue7vEDM07","childrenDepth":4}}
{"timestamp":"2025-05-17T21:02:05.407Z","level":"DEBUG","message":"Listing media files for parent","data":{"parentId":"1TGckx-Ta4nvGB7m0TVSwC2mVC1SQv2RE","childrenDepth":4}}
{"timestamp":"2025-05-17T21:02:05.570Z","level":"DEBUG","message":"Listing media files for parent","data":{"parentId":"1TGckx-Ta4nvGB7m0TVSwC2mVC1SQv2RE","childrenDepth":4}}
{"timestamp":"2025-05-17T21:02:05.570Z","level":"DEBUG","message":"Listing media files for parent","data":{"parentId":"1jQqMxcJWK_41Ww5HJMZNiH-ue7vEDM07","childrenDepth":4}}
{"timestamp":"2025-05-17T21:02:05.677Z","level":"DEBUG","message":"Listing media files for parent","data":{"parentId":"1AIC2AmP1F2KEZouZjGpTSxZZvRFBwrmY","childrenDepth":4}}
{"timestamp":"2025-05-17T21:02:05.677Z","level":"DEBUG","message":"Listing media files for parent","data":{"parentId":"1bjf8azAyiF5k2wRZzXVbgM6URqTFozj_","childrenDepth":4}}
{"timestamp":"2025-05-17T21:02:05.679Z","level":"DEBUG","message":"Listing media files for parent","data":{"parentId":"1AIC2AmP1F2KEZouZjGpTSxZZvRFBwrmY","childrenDepth":4}}
{"timestamp":"2025-05-17T21:02:05.679Z","level":"DEBUG","message":"Listing media files for parent","data":{"parentId":"1bjf8azAyiF5k2wRZzXVbgM6URqTFozj_","childrenDepth":4}}
{"timestamp":"2025-05-17T21:02:05.713Z","level":"DEBUG","message":"Listing media files for parent","data":{"parentId":"1kj4Ok3Y1OygotogfBiqVCaCfXhL7VZbX","childrenDepth":4}}
{"timestamp":"2025-05-17T21:02:05.713Z","level":"DEBUG","message":"Listing media files for parent","data":{"parentId":"1AhE6PZYj3F-oPWCKMLzQEGNeThEz_lrn","childrenDepth":4}}
{"timestamp":"2025-05-17T21:02:05.835Z","level":"DEBUG","message":"Listing media files for parent","data":{"parentId":"1kj4Ok3Y1OygotogfBiqVCaCfXhL7VZbX","childrenDepth":4}}
{"timestamp":"2025-05-17T21:02:05.836Z","level":"DEBUG","message":"Listing media files for parent","data":{"parentId":"1AhE6PZYj3F-oPWCKMLzQEGNeThEz_lrn","childrenDepth":4}}
{"timestamp":"2025-05-17T21:02:06.224Z","level":"INFO","message":"Recursive Drive folder and file list completed","data":{"topLevelFolderCount":1}}
{"timestamp":"2025-05-17T21:02:06.346Z","level":"INFO","message":"Recursive Drive folder and file list completed","data":{"topLevelFolderCount":1}}
{"timestamp":"2025-05-17T21:06:01.300Z","level":"DEBUG","message":"Listing folders for parent","data":{"parentId":"1tsOf-8jaWutb8P6CLTyry3O00MlhMqR1","childrenDepth":0}}
{"timestamp":"2025-05-17T21:06:01.300Z","level":"DEBUG","message":"Starting recursive listing from base folder","data":{"baseFolder":"1tsOf-8jaWutb8P6CLTyry3O00MlhMqR1"}}
{"timestamp":"2025-05-17T21:06:01.256Z","level":"DEBUG","message":"Drive auth initialized","data":{"isAuthSet":true,"clientEmail":"log4u-se..."}}
{"timestamp":"2025-05-17T21:06:01.300Z","level":"INFO","message":"Starting recursive Drive folder and file list request","data":null}
{"timestamp":"2025-05-17T21:06:01.999Z","level":"DEBUG","message":"Listing folders for parent","data":{"parentId":"1k1swu9pG0Izso2Lf_koe_572_C3RErnW","childrenDepth":1}}
{"timestamp":"2025-05-17T21:06:02.370Z","level":"DEBUG","message":"Listing folders for parent","data":{"parentId":"1NJlzaSxJVApmp27AVGirPUUl-8139p7G","childrenDepth":2}}
{"timestamp":"2025-05-17T21:06:02.370Z","level":"DEBUG","message":"Listing folders for parent","data":{"parentId":"1yB2hEnvMTiXMAPzW-iQVy9tgFTUZ7cm7","childrenDepth":2}}
{"timestamp":"2025-05-17T21:06:02.721Z","level":"DEBUG","message":"Listing folders for parent","data":{"parentId":"1UHg-kFNQS2Rpgbd7z9_yjvkXLsC_qGPY","childrenDepth":3}}
{"timestamp":"2025-05-17T21:06:02.880Z","level":"DEBUG","message":"Listing folders for parent","data":{"parentId":"1rFg5jwBeaeeqVjva_wXaQJtWFmHGRvG8","childrenDepth":3}}
{"timestamp":"2025-05-17T21:06:02.880Z","level":"DEBUG","message":"Listing folders for parent","data":{"parentId":"1vdxa0sQE7s6Jk-e-aENWKhimKX6NmhqT","childrenDepth":3}}
{"timestamp":"2025-05-17T21:06:03.069Z","level":"DEBUG","message":"Listing media files for parent","data":{"parentId":"1TGckx-Ta4nvGB7m0TVSwC2mVC1SQv2RE","childrenDepth":4}}
{"timestamp":"2025-05-17T21:06:03.069Z","level":"DEBUG","message":"Listing media files for parent","data":{"parentId":"1jQqMxcJWK_41Ww5HJMZNiH-ue7vEDM07","childrenDepth":4}}
{"timestamp":"2025-05-17T21:06:03.210Z","level":"DEBUG","message":"Listing media files for parent","data":{"parentId":"1bjf8azAyiF5k2wRZzXVbgM6URqTFozj_","childrenDepth":4}}
{"timestamp":"2025-05-17T21:06:03.210Z","level":"DEBUG","message":"Listing media files for parent","data":{"parentId":"1AIC2AmP1F2KEZouZjGpTSxZZvRFBwrmY","childrenDepth":4}}
{"timestamp":"2025-05-17T21:06:03.394Z","level":"DEBUG","message":"Listing media files for parent","data":{"parentId":"1kj4Ok3Y1OygotogfBiqVCaCfXhL7VZbX","childrenDepth":4}}
{"timestamp":"2025-05-17T21:06:03.394Z","level":"DEBUG","message":"Listing media files for parent","data":{"parentId":"1AhE6PZYj3F-oPWCKMLzQEGNeThEz_lrn","childrenDepth":4}}
{"timestamp":"2025-05-17T21:06:03.863Z","level":"INFO","message":"Recursive Drive folder and file list completed","data":{"topLevelFolderCount":1}}
{"timestamp":"2025-05-17T21:07:16.386Z","level":"DEBUG","message":"Drive auth initialized","data":{"isAuthSet":true,"clientEmail":"log4u-se..."}}
{"timestamp":"2025-05-17T21:07:16.413Z","level":"INFO","message":"Starting recursive Drive folder and file list request","data":null}
{"timestamp":"2025-05-17T21:07:16.413Z","level":"DEBUG","message":"Starting recursive listing from base folder","data":{"baseFolder":"1tsOf-8jaWutb8P6CLTyry3O00MlhMqR1"}}
{"timestamp":"2025-05-17T21:07:16.413Z","level":"DEBUG","message":"Listing folders for parent","data":{"parentId":"1tsOf-8jaWutb8P6CLTyry3O00MlhMqR1","childrenDepth":0}}
{"timestamp":"2025-05-17T21:07:16.421Z","level":"INFO","message":"Starting recursive Drive folder and file list request","data":null}
{"timestamp":"2025-05-17T21:07:16.421Z","level":"DEBUG","message":"Listing folders for parent","data":{"parentId":"1tsOf-8jaWutb8P6CLTyry3O00MlhMqR1","childrenDepth":0}}
{"timestamp":"2025-05-17T21:07:16.421Z","level":"DEBUG","message":"Starting recursive listing from base folder","data":{"baseFolder":"1tsOf-8jaWutb8P6CLTyry3O00MlhMqR1"}}
{"timestamp":"2025-05-17T21:07:17.185Z","level":"DEBUG","message":"Listing folders for parent","data":{"parentId":"1k1swu9pG0Izso2Lf_koe_572_C3RErnW","childrenDepth":1}}
{"timestamp":"2025-05-17T21:07:17.318Z","level":"DEBUG","message":"Listing folders for parent","data":{"parentId":"1k1swu9pG0Izso2Lf_koe_572_C3RErnW","childrenDepth":1}}
{"timestamp":"2025-05-17T21:07:17.525Z","level":"DEBUG","message":"Listing folders for parent","data":{"parentId":"1NJlzaSxJVApmp27AVGirPUUl-8139p7G","childrenDepth":2}}
{"timestamp":"2025-05-17T21:07:17.526Z","level":"DEBUG","message":"Listing folders for parent","data":{"parentId":"1yB2hEnvMTiXMAPzW-iQVy9tgFTUZ7cm7","childrenDepth":2}}
{"timestamp":"2025-05-17T21:07:17.696Z","level":"DEBUG","message":"Listing folders for parent","data":{"parentId":"1NJlzaSxJVApmp27AVGirPUUl-8139p7G","childrenDepth":2}}
{"timestamp":"2025-05-17T21:07:17.696Z","level":"DEBUG","message":"Listing folders for parent","data":{"parentId":"1yB2hEnvMTiXMAPzW-iQVy9tgFTUZ7cm7","childrenDepth":2}}
{"timestamp":"2025-05-17T21:07:17.903Z","level":"DEBUG","message":"Listing folders for parent","data":{"parentId":"1UHg-kFNQS2Rpgbd7z9_yjvkXLsC_qGPY","childrenDepth":3}}
{"timestamp":"2025-05-17T21:07:18.007Z","level":"DEBUG","message":"Listing folders for parent","data":{"parentId":"1vdxa0sQE7s6Jk-e-aENWKhimKX6NmhqT","childrenDepth":3}}
{"timestamp":"2025-05-17T21:07:18.007Z","level":"DEBUG","message":"Listing folders for parent","data":{"parentId":"1rFg5jwBeaeeqVjva_wXaQJtWFmHGRvG8","childrenDepth":3}}
{"timestamp":"2025-05-17T21:07:18.053Z","level":"DEBUG","message":"Listing folders for parent","data":{"parentId":"1UHg-kFNQS2Rpgbd7z9_yjvkXLsC_qGPY","childrenDepth":3}}
{"timestamp":"2025-05-17T21:07:18.223Z","level":"DEBUG","message":"Listing folders for parent","data":{"parentId":"1rFg5jwBeaeeqVjva_wXaQJtWFmHGRvG8","childrenDepth":3}}
{"timestamp":"2025-05-17T21:07:18.223Z","level":"DEBUG","message":"Listing folders for parent","data":{"parentId":"1vdxa0sQE7s6Jk-e-aENWKhimKX6NmhqT","childrenDepth":3}}
{"timestamp":"2025-05-17T21:07:18.298Z","level":"DEBUG","message":"Listing media files for parent","data":{"parentId":"1jQqMxcJWK_41Ww5HJMZNiH-ue7vEDM07","childrenDepth":4}}
{"timestamp":"2025-05-17T21:07:18.298Z","level":"DEBUG","message":"Listing media files for parent","data":{"parentId":"1TGckx-Ta4nvGB7m0TVSwC2mVC1SQv2RE","childrenDepth":4}}
{"timestamp":"2025-05-17T21:07:18.345Z","level":"DEBUG","message":"Listing media files for parent","data":{"parentId":"1AIC2AmP1F2KEZouZjGpTSxZZvRFBwrmY","childrenDepth":4}}
{"timestamp":"2025-05-17T21:07:18.345Z","level":"DEBUG","message":"Listing media files for parent","data":{"parentId":"1bjf8azAyiF5k2wRZzXVbgM6URqTFozj_","childrenDepth":4}}
{"timestamp":"2025-05-17T21:07:18.425Z","level":"DEBUG","message":"Listing media files for parent","data":{"parentId":"1jQqMxcJWK_41Ww5HJMZNiH-ue7vEDM07","childrenDepth":4}}
{"timestamp":"2025-05-17T21:07:18.425Z","level":"DEBUG","message":"Listing media files for parent","data":{"parentId":"1TGckx-Ta4nvGB7m0TVSwC2mVC1SQv2RE","childrenDepth":4}}
{"timestamp":"2025-05-17T21:07:18.544Z","level":"DEBUG","message":"Listing media files for parent","data":{"parentId":"1AhE6PZYj3F-oPWCKMLzQEGNeThEz_lrn","childrenDepth":4}}
{"timestamp":"2025-05-17T21:07:18.544Z","level":"DEBUG","message":"Listing media files for parent","data":{"parentId":"1kj4Ok3Y1OygotogfBiqVCaCfXhL7VZbX","childrenDepth":4}}
{"timestamp":"2025-05-17T21:07:18.617Z","level":"DEBUG","message":"Listing media files for parent","data":{"parentId":"1bjf8azAyiF5k2wRZzXVbgM6URqTFozj_","childrenDepth":4}}
{"timestamp":"2025-05-17T21:07:18.617Z","level":"DEBUG","message":"Listing media files for parent","data":{"parentId":"1AIC2AmP1F2KEZouZjGpTSxZZvRFBwrmY","childrenDepth":4}}
{"timestamp":"2025-05-17T21:07:18.700Z","level":"DEBUG","message":"Listing media files for parent","data":{"parentId":"1kj4Ok3Y1OygotogfBiqVCaCfXhL7VZbX","childrenDepth":4}}
{"timestamp":"2025-05-17T21:07:18.700Z","level":"DEBUG","message":"Listing media files for parent","data":{"parentId":"1AhE6PZYj3F-oPWCKMLzQEGNeThEz_lrn","childrenDepth":4}}
{"timestamp":"2025-05-17T21:07:19.055Z","level":"INFO","message":"Recursive Drive folder and file list completed","data":{"topLevelFolderCount":1}}
{"timestamp":"2025-05-17T21:07:19.144Z","level":"INFO","message":"Recursive Drive folder and file list completed","data":{"topLevelFolderCount":1}}
{"timestamp":"2025-05-17T21:15:59.506Z","level":"DEBUG","message":"Starting recursive listing from base folder","data":{"baseFolder":"1tsOf-8jaWutb8P6CLTyry3O00MlhMqR1"}}
{"timestamp":"2025-05-17T21:15:59.479Z","level":"DEBUG","message":"Drive auth initialized","data":{"isAuthSet":true,"clientEmail":"log4u-se..."}}
{"timestamp":"2025-05-17T21:15:59.506Z","level":"DEBUG","message":"Listing folders for parent","data":{"parentId":"1tsOf-8jaWutb8P6CLTyry3O00MlhMqR1","childrenDepth":0}}
{"timestamp":"2025-05-17T21:15:59.506Z","level":"INFO","message":"Starting recursive Drive folder and file list request","data":null}
{"timestamp":"2025-05-17T21:16:00.335Z","level":"DEBUG","message":"Listing folders for parent","data":{"parentId":"1k1swu9pG0Izso2Lf_koe_572_C3RErnW","childrenDepth":1}}
{"timestamp":"2025-05-17T21:16:00.695Z","level":"DEBUG","message":"Listing folders for parent","data":{"parentId":"1NJlzaSxJVApmp27AVGirPUUl-8139p7G","childrenDepth":2}}
{"timestamp":"2025-05-17T21:16:00.696Z","level":"DEBUG","message":"Listing folders for parent","data":{"parentId":"1yB2hEnvMTiXMAPzW-iQVy9tgFTUZ7cm7","childrenDepth":2}}
{"timestamp":"2025-05-17T21:16:01.035Z","level":"DEBUG","message":"Listing folders for parent","data":{"parentId":"1UHg-kFNQS2Rpgbd7z9_yjvkXLsC_qGPY","childrenDepth":3}}
{"timestamp":"2025-05-17T21:16:01.212Z","level":"DEBUG","message":"Listing folders for parent","data":{"parentId":"1rFg5jwBeaeeqVjva_wXaQJtWFmHGRvG8","childrenDepth":3}}
{"timestamp":"2025-05-17T21:16:01.212Z","level":"DEBUG","message":"Listing folders for parent","data":{"parentId":"1vdxa0sQE7s6Jk-e-aENWKhimKX6NmhqT","childrenDepth":3}}
{"timestamp":"2025-05-17T21:16:01.412Z","level":"DEBUG","message":"Listing media files for parent","data":{"parentId":"1TGckx-Ta4nvGB7m0TVSwC2mVC1SQv2RE","childrenDepth":4}}
{"timestamp":"2025-05-17T21:16:01.412Z","level":"DEBUG","message":"Listing media files for parent","data":{"parentId":"1jQqMxcJWK_41Ww5HJMZNiH-ue7vEDM07","childrenDepth":4}}
{"timestamp":"2025-05-17T21:16:01.561Z","level":"DEBUG","message":"Listing media files for parent","data":{"parentId":"1bjf8azAyiF5k2wRZzXVbgM6URqTFozj_","childrenDepth":4}}
{"timestamp":"2025-05-17T21:16:01.561Z","level":"DEBUG","message":"Listing media files for parent","data":{"parentId":"1AIC2AmP1F2KEZouZjGpTSxZZvRFBwrmY","childrenDepth":4}}
{"timestamp":"2025-05-17T21:16:01.690Z","level":"DEBUG","message":"Listing media files for parent","data":{"parentId":"1kj4Ok3Y1OygotogfBiqVCaCfXhL7VZbX","childrenDepth":4}}
{"timestamp":"2025-05-17T21:16:01.690Z","level":"DEBUG","message":"Listing media files for parent","data":{"parentId":"1AhE6PZYj3F-oPWCKMLzQEGNeThEz_lrn","childrenDepth":4}}
{"timestamp":"2025-05-17T21:16:02.149Z","level":"INFO","message":"Recursive Drive folder and file list completed","data":{"topLevelFolderCount":1}}
{"timestamp":"2025-05-17T21:16:10.598Z","level":"DEBUG","message":"Starting recursive listing from base folder","data":{"baseFolder":"1tsOf-8jaWutb8P6CLTyry3O00MlhMqR1"}}
{"timestamp":"2025-05-17T21:16:10.598Z","level":"INFO","message":"Starting recursive Drive folder and file list request","data":null}
{"timestamp":"2025-05-17T21:16:10.572Z","level":"DEBUG","message":"Drive auth initialized","data":{"isAuthSet":true,"clientEmail":"log4u-se..."}}
{"timestamp":"2025-05-17T21:16:10.598Z","level":"DEBUG","message":"Listing folders for parent","data":{"parentId":"1tsOf-8jaWutb8P6CLTyry3O00MlhMqR1","childrenDepth":0}}
{"timestamp":"2025-05-17T21:16:10.603Z","level":"INFO","message":"Starting recursive Drive folder and file list request","data":null}
{"timestamp":"2025-05-17T21:16:10.603Z","level":"DEBUG","message":"Starting recursive listing from base folder","data":{"baseFolder":"1tsOf-8jaWutb8P6CLTyry3O00MlhMqR1"}}
{"timestamp":"2025-05-17T21:16:10.603Z","level":"DEBUG","message":"Listing folders for parent","data":{"parentId":"1tsOf-8jaWutb8P6CLTyry3O00MlhMqR1","childrenDepth":0}}
{"timestamp":"2025-05-17T21:16:11.274Z","level":"DEBUG","message":"Listing folders for parent","data":{"parentId":"1k1swu9pG0Izso2Lf_koe_572_C3RErnW","childrenDepth":1}}
{"timestamp":"2025-05-17T21:16:11.411Z","level":"DEBUG","message":"Listing folders for parent","data":{"parentId":"1k1swu9pG0Izso2Lf_koe_572_C3RErnW","childrenDepth":1}}
{"timestamp":"2025-05-17T21:16:11.647Z","level":"DEBUG","message":"Listing folders for parent","data":{"parentId":"1yB2hEnvMTiXMAPzW-iQVy9tgFTUZ7cm7","childrenDepth":2}}
{"timestamp":"2025-05-17T21:16:11.647Z","level":"DEBUG","message":"Listing folders for parent","data":{"parentId":"1NJlzaSxJVApmp27AVGirPUUl-8139p7G","childrenDepth":2}}
{"timestamp":"2025-05-17T21:16:11.747Z","level":"DEBUG","message":"Listing folders for parent","data":{"parentId":"1yB2hEnvMTiXMAPzW-iQVy9tgFTUZ7cm7","childrenDepth":2}}
{"timestamp":"2025-05-17T21:16:11.747Z","level":"DEBUG","message":"Listing folders for parent","data":{"parentId":"1NJlzaSxJVApmp27AVGirPUUl-8139p7G","childrenDepth":2}}
{"timestamp":"2025-05-17T21:16:12.018Z","level":"DEBUG","message":"Listing folders for parent","data":{"parentId":"1UHg-kFNQS2Rpgbd7z9_yjvkXLsC_qGPY","childrenDepth":3}}
{"timestamp":"2025-05-17T21:16:12.089Z","level":"DEBUG","message":"Listing folders for parent","data":{"parentId":"1UHg-kFNQS2Rpgbd7z9_yjvkXLsC_qGPY","childrenDepth":3}}
{"timestamp":"2025-05-17T21:16:12.112Z","level":"DEBUG","message":"Listing folders for parent","data":{"parentId":"1rFg5jwBeaeeqVjva_wXaQJtWFmHGRvG8","childrenDepth":3}}
{"timestamp":"2025-05-17T21:16:12.112Z","level":"DEBUG","message":"Listing folders for parent","data":{"parentId":"1vdxa0sQE7s6Jk-e-aENWKhimKX6NmhqT","childrenDepth":3}}
{"timestamp":"2025-05-17T21:16:12.320Z","level":"DEBUG","message":"Listing folders for parent","data":{"parentId":"1rFg5jwBeaeeqVjva_wXaQJtWFmHGRvG8","childrenDepth":3}}
{"timestamp":"2025-05-17T21:16:12.320Z","level":"DEBUG","message":"Listing folders for parent","data":{"parentId":"1vdxa0sQE7s6Jk-e-aENWKhimKX6NmhqT","childrenDepth":3}}
{"timestamp":"2025-05-17T21:16:12.348Z","level":"DEBUG","message":"Listing media files for parent","data":{"parentId":"1TGckx-Ta4nvGB7m0TVSwC2mVC1SQv2RE","childrenDepth":4}}
{"timestamp":"2025-05-17T21:16:12.348Z","level":"DEBUG","message":"Listing media files for parent","data":{"parentId":"1jQqMxcJWK_41Ww5HJMZNiH-ue7vEDM07","childrenDepth":4}}
{"timestamp":"2025-05-17T21:16:12.422Z","level":"DEBUG","message":"Listing media files for parent","data":{"parentId":"1jQqMxcJWK_41Ww5HJMZNiH-ue7vEDM07","childrenDepth":4}}
{"timestamp":"2025-05-17T21:16:12.423Z","level":"DEBUG","message":"Listing media files for parent","data":{"parentId":"1TGckx-Ta4nvGB7m0TVSwC2mVC1SQv2RE","childrenDepth":4}}
{"timestamp":"2025-05-17T21:16:12.432Z","level":"DEBUG","message":"Listing media files for parent","data":{"parentId":"1AIC2AmP1F2KEZouZjGpTSxZZvRFBwrmY","childrenDepth":4}}
{"timestamp":"2025-05-17T21:16:12.432Z","level":"DEBUG","message":"Listing media files for parent","data":{"parentId":"1bjf8azAyiF5k2wRZzXVbgM6URqTFozj_","childrenDepth":4}}
{"timestamp":"2025-05-17T21:16:12.586Z","level":"DEBUG","message":"Listing media files for parent","data":{"parentId":"1AhE6PZYj3F-oPWCKMLzQEGNeThEz_lrn","childrenDepth":4}}
{"timestamp":"2025-05-17T21:16:12.586Z","level":"DEBUG","message":"Listing media files for parent","data":{"parentId":"1kj4Ok3Y1OygotogfBiqVCaCfXhL7VZbX","childrenDepth":4}}
{"timestamp":"2025-05-17T21:16:12.698Z","level":"DEBUG","message":"Listing media files for parent","data":{"parentId":"1AIC2AmP1F2KEZouZjGpTSxZZvRFBwrmY","childrenDepth":4}}
{"timestamp":"2025-05-17T21:16:12.698Z","level":"DEBUG","message":"Listing media files for parent","data":{"parentId":"1bjf8azAyiF5k2wRZzXVbgM6URqTFozj_","childrenDepth":4}}
{"timestamp":"2025-05-17T21:16:12.786Z","level":"DEBUG","message":"Listing media files for parent","data":{"parentId":"1AhE6PZYj3F-oPWCKMLzQEGNeThEz_lrn","childrenDepth":4}}
{"timestamp":"2025-05-17T21:16:12.786Z","level":"DEBUG","message":"Listing media files for parent","data":{"parentId":"1kj4Ok3Y1OygotogfBiqVCaCfXhL7VZbX","childrenDepth":4}}
{"timestamp":"2025-05-17T21:16:13.050Z","level":"INFO","message":"Recursive Drive folder and file list completed","data":{"topLevelFolderCount":1}}
{"timestamp":"2025-05-17T21:16:13.206Z","level":"INFO","message":"Recursive Drive folder and file list completed","data":{"topLevelFolderCount":1}}
{"timestamp":"2025-05-17T21:19:00.330Z","level":"DEBUG","message":"Drive auth initialized","data":{"isAuthSet":true,"clientEmail":"log4u-se..."}}
{"timestamp":"2025-05-17T21:19:00.375Z","level":"DEBUG","message":"Starting recursive listing from base folder","data":{"baseFolder":"1tsOf-8jaWutb8P6CLTyry3O00MlhMqR1"}}
{"timestamp":"2025-05-17T21:19:00.375Z","level":"DEBUG","message":"Listing folders for parent","data":{"parentId":"1tsOf-8jaWutb8P6CLTyry3O00MlhMqR1","childrenDepth":0}}
{"timestamp":"2025-05-17T21:19:00.376Z","level":"INFO","message":"Starting recursive Drive folder and file list request","data":null}
{"timestamp":"2025-05-17T21:19:00.375Z","level":"INFO","message":"Starting recursive Drive folder and file list request","data":null}
{"timestamp":"2025-05-17T21:19:00.376Z","level":"DEBUG","message":"Starting recursive listing from base folder","data":{"baseFolder":"1tsOf-8jaWutb8P6CLTyry3O00MlhMqR1"}}
{"timestamp":"2025-05-17T21:19:00.376Z","level":"DEBUG","message":"Listing folders for parent","data":{"parentId":"1tsOf-8jaWutb8P6CLTyry3O00MlhMqR1","childrenDepth":0}}
{"timestamp":"2025-05-17T21:19:01.080Z","level":"DEBUG","message":"Listing folders for parent","data":{"parentId":"1k1swu9pG0Izso2Lf_koe_572_C3RErnW","childrenDepth":1}}
{"timestamp":"2025-05-17T21:19:01.262Z","level":"DEBUG","message":"Listing folders for parent","data":{"parentId":"1k1swu9pG0Izso2Lf_koe_572_C3RErnW","childrenDepth":1}}
{"timestamp":"2025-05-17T21:19:01.438Z","level":"DEBUG","message":"Listing folders for parent","data":{"parentId":"1NJlzaSxJVApmp27AVGirPUUl-8139p7G","childrenDepth":2}}
{"timestamp":"2025-05-17T21:19:01.438Z","level":"DEBUG","message":"Listing folders for parent","data":{"parentId":"1yB2hEnvMTiXMAPzW-iQVy9tgFTUZ7cm7","childrenDepth":2}}
{"timestamp":"2025-05-17T21:19:01.614Z","level":"DEBUG","message":"Listing folders for parent","data":{"parentId":"1yB2hEnvMTiXMAPzW-iQVy9tgFTUZ7cm7","childrenDepth":2}}
{"timestamp":"2025-05-17T21:19:01.614Z","level":"DEBUG","message":"Listing folders for parent","data":{"parentId":"1NJlzaSxJVApmp27AVGirPUUl-8139p7G","childrenDepth":2}}
{"timestamp":"2025-05-17T21:19:01.766Z","level":"DEBUG","message":"Listing folders for parent","data":{"parentId":"1UHg-kFNQS2Rpgbd7z9_yjvkXLsC_qGPY","childrenDepth":3}}
{"timestamp":"2025-05-17T21:19:01.918Z","level":"DEBUG","message":"Listing folders for parent","data":{"parentId":"1vdxa0sQE7s6Jk-e-aENWKhimKX6NmhqT","childrenDepth":3}}
{"timestamp":"2025-05-17T21:19:01.917Z","level":"DEBUG","message":"Listing folders for parent","data":{"parentId":"1rFg5jwBeaeeqVjva_wXaQJtWFmHGRvG8","childrenDepth":3}}
{"timestamp":"2025-05-17T21:19:01.956Z","level":"DEBUG","message":"Listing folders for parent","data":{"parentId":"1UHg-kFNQS2Rpgbd7z9_yjvkXLsC_qGPY","childrenDepth":3}}
{"timestamp":"2025-05-17T21:19:02.115Z","level":"DEBUG","message":"Listing media files for parent","data":{"parentId":"1jQqMxcJWK_41Ww5HJMZNiH-ue7vEDM07","childrenDepth":4}}
{"timestamp":"2025-05-17T21:19:02.115Z","level":"DEBUG","message":"Listing media files for parent","data":{"parentId":"1TGckx-Ta4nvGB7m0TVSwC2mVC1SQv2RE","childrenDepth":4}}
{"timestamp":"2025-05-17T21:19:02.157Z","level":"DEBUG","message":"Listing folders for parent","data":{"parentId":"1rFg5jwBeaeeqVjva_wXaQJtWFmHGRvG8","childrenDepth":3}}
{"timestamp":"2025-05-17T21:19:02.158Z","level":"DEBUG","message":"Listing folders for parent","data":{"parentId":"1vdxa0sQE7s6Jk-e-aENWKhimKX6NmhqT","childrenDepth":3}}
{"timestamp":"2025-05-17T21:19:02.249Z","level":"DEBUG","message":"Listing media files for parent","data":{"parentId":"1AIC2AmP1F2KEZouZjGpTSxZZvRFBwrmY","childrenDepth":4}}
{"timestamp":"2025-05-17T21:19:02.249Z","level":"DEBUG","message":"Listing media files for parent","data":{"parentId":"1bjf8azAyiF5k2wRZzXVbgM6URqTFozj_","childrenDepth":4}}
{"timestamp":"2025-05-17T21:19:02.255Z","level":"DEBUG","message":"Listing media files for parent","data":{"parentId":"1jQqMxcJWK_41Ww5HJMZNiH-ue7vEDM07","childrenDepth":4}}
{"timestamp":"2025-05-17T21:19:02.255Z","level":"DEBUG","message":"Listing media files for parent","data":{"parentId":"1TGckx-Ta4nvGB7m0TVSwC2mVC1SQv2RE","childrenDepth":4}}
{"timestamp":"2025-05-17T21:19:02.362Z","level":"DEBUG","message":"Listing media files for parent","data":{"parentId":"1kj4Ok3Y1OygotogfBiqVCaCfXhL7VZbX","childrenDepth":4}}
{"timestamp":"2025-05-17T21:19:02.362Z","level":"DEBUG","message":"Listing media files for parent","data":{"parentId":"1AhE6PZYj3F-oPWCKMLzQEGNeThEz_lrn","childrenDepth":4}}
{"timestamp":"2025-05-17T21:19:02.522Z","level":"DEBUG","message":"Listing media files for parent","data":{"parentId":"1bjf8azAyiF5k2wRZzXVbgM6URqTFozj_","childrenDepth":4}}
{"timestamp":"2025-05-17T21:19:02.522Z","level":"DEBUG","message":"Listing media files for parent","data":{"parentId":"1AIC2AmP1F2KEZouZjGpTSxZZvRFBwrmY","childrenDepth":4}}
{"timestamp":"2025-05-17T21:19:02.678Z","level":"DEBUG","message":"Listing media files for parent","data":{"parentId":"1AhE6PZYj3F-oPWCKMLzQEGNeThEz_lrn","childrenDepth":4}}
{"timestamp":"2025-05-17T21:19:02.678Z","level":"DEBUG","message":"Listing media files for parent","data":{"parentId":"1kj4Ok3Y1OygotogfBiqVCaCfXhL7VZbX","childrenDepth":4}}
{"timestamp":"2025-05-17T21:19:02.808Z","level":"INFO","message":"Recursive Drive folder and file list completed","data":{"topLevelFolderCount":1}}
{"timestamp":"2025-05-17T21:19:03.015Z","level":"INFO","message":"Recursive Drive folder and file list completed","data":{"topLevelFolderCount":1}}
{"timestamp":"2025-05-17T21:22:28.745Z","level":"DEBUG","message":"Drive auth initialized","data":{"isAuthSet":true,"clientEmail":"log4u-se..."}}
{"timestamp":"2025-05-17T21:22:28.784Z","level":"DEBUG","message":"Starting recursive listing from base folder","data":{"baseFolder":"1tsOf-8jaWutb8P6CLTyry3O00MlhMqR1"}}
{"timestamp":"2025-05-17T21:22:28.785Z","level":"INFO","message":"Starting recursive Drive folder and file list request","data":null}
{"timestamp":"2025-05-17T21:22:28.784Z","level":"DEBUG","message":"Listing folders for parent","data":{"parentId":"1tsOf-8jaWutb8P6CLTyry3O00MlhMqR1","childrenDepth":0}}
{"timestamp":"2025-05-17T21:22:28.785Z","level":"DEBUG","message":"Starting recursive listing from base folder","data":{"baseFolder":"1tsOf-8jaWutb8P6CLTyry3O00MlhMqR1"}}
{"timestamp":"2025-05-17T21:22:28.784Z","level":"INFO","message":"Starting recursive Drive folder and file list request","data":null}
{"timestamp":"2025-05-17T21:22:28.785Z","level":"DEBUG","message":"Listing folders for parent","data":{"parentId":"1tsOf-8jaWutb8P6CLTyry3O00MlhMqR1","childrenDepth":0}}
{"timestamp":"2025-05-17T21:22:29.498Z","level":"DEBUG","message":"Listing folders for parent","data":{"parentId":"1k1swu9pG0Izso2Lf_koe_572_C3RErnW","childrenDepth":1}}
{"timestamp":"2025-05-17T21:22:29.716Z","level":"DEBUG","message":"Listing folders for parent","data":{"parentId":"1k1swu9pG0Izso2Lf_koe_572_C3RErnW","childrenDepth":1}}
{"timestamp":"2025-05-17T21:22:29.875Z","level":"DEBUG","message":"Listing folders for parent","data":{"parentId":"1NJlzaSxJVApmp27AVGirPUUl-8139p7G","childrenDepth":2}}
{"timestamp":"2025-05-17T21:22:29.875Z","level":"DEBUG","message":"Listing folders for parent","data":{"parentId":"1yB2hEnvMTiXMAPzW-iQVy9tgFTUZ7cm7","childrenDepth":2}}
{"timestamp":"2025-05-17T21:22:30.086Z","level":"DEBUG","message":"Listing folders for parent","data":{"parentId":"1yB2hEnvMTiXMAPzW-iQVy9tgFTUZ7cm7","childrenDepth":2}}
{"timestamp":"2025-05-17T21:22:30.086Z","level":"DEBUG","message":"Listing folders for parent","data":{"parentId":"1NJlzaSxJVApmp27AVGirPUUl-8139p7G","childrenDepth":2}}
{"timestamp":"2025-05-17T21:22:30.242Z","level":"DEBUG","message":"Listing folders for parent","data":{"parentId":"1UHg-kFNQS2Rpgbd7z9_yjvkXLsC_qGPY","childrenDepth":3}}
{"timestamp":"2025-05-17T21:22:30.367Z","level":"DEBUG","message":"Listing folders for parent","data":{"parentId":"1rFg5jwBeaeeqVjva_wXaQJtWFmHGRvG8","childrenDepth":3}}
{"timestamp":"2025-05-17T21:22:30.368Z","level":"DEBUG","message":"Listing folders for parent","data":{"parentId":"1vdxa0sQE7s6Jk-e-aENWKhimKX6NmhqT","childrenDepth":3}}
{"timestamp":"2025-05-17T21:22:30.435Z","level":"DEBUG","message":"Listing folders for parent","data":{"parentId":"1UHg-kFNQS2Rpgbd7z9_yjvkXLsC_qGPY","childrenDepth":3}}
{"timestamp":"2025-05-17T21:22:30.595Z","level":"DEBUG","message":"Listing media files for parent","data":{"parentId":"1jQqMxcJWK_41Ww5HJMZNiH-ue7vEDM07","childrenDepth":4}}
{"timestamp":"2025-05-17T21:22:30.595Z","level":"DEBUG","message":"Listing media files for parent","data":{"parentId":"1TGckx-Ta4nvGB7m0TVSwC2mVC1SQv2RE","childrenDepth":4}}
{"timestamp":"2025-05-17T21:22:30.606Z","level":"DEBUG","message":"Listing folders for parent","data":{"parentId":"1rFg5jwBeaeeqVjva_wXaQJtWFmHGRvG8","childrenDepth":3}}
{"timestamp":"2025-05-17T21:22:30.606Z","level":"DEBUG","message":"Listing folders for parent","data":{"parentId":"1vdxa0sQE7s6Jk-e-aENWKhimKX6NmhqT","childrenDepth":3}}
{"timestamp":"2025-05-17T21:22:30.754Z","level":"DEBUG","message":"Listing media files for parent","data":{"parentId":"1AIC2AmP1F2KEZouZjGpTSxZZvRFBwrmY","childrenDepth":4}}
{"timestamp":"2025-05-17T21:22:30.755Z","level":"DEBUG","message":"Listing media files for parent","data":{"parentId":"1bjf8azAyiF5k2wRZzXVbgM6URqTFozj_","childrenDepth":4}}
{"timestamp":"2025-05-17T21:22:30.776Z","level":"DEBUG","message":"Listing media files for parent","data":{"parentId":"1TGckx-Ta4nvGB7m0TVSwC2mVC1SQv2RE","childrenDepth":4}}
{"timestamp":"2025-05-17T21:22:30.776Z","level":"DEBUG","message":"Listing media files for parent","data":{"parentId":"1jQqMxcJWK_41Ww5HJMZNiH-ue7vEDM07","childrenDepth":4}}
{"timestamp":"2025-05-17T21:22:30.917Z","level":"DEBUG","message":"Listing media files for parent","data":{"parentId":"1kj4Ok3Y1OygotogfBiqVCaCfXhL7VZbX","childrenDepth":4}}
{"timestamp":"2025-05-17T21:22:30.918Z","level":"DEBUG","message":"Listing media files for parent","data":{"parentId":"1AhE6PZYj3F-oPWCKMLzQEGNeThEz_lrn","childrenDepth":4}}
{"timestamp":"2025-05-17T21:22:31.003Z","level":"DEBUG","message":"Listing media files for parent","data":{"parentId":"1bjf8azAyiF5k2wRZzXVbgM6URqTFozj_","childrenDepth":4}}
{"timestamp":"2025-05-17T21:22:31.003Z","level":"DEBUG","message":"Listing media files for parent","data":{"parentId":"1AIC2AmP1F2KEZouZjGpTSxZZvRFBwrmY","childrenDepth":4}}
{"timestamp":"2025-05-17T21:22:31.074Z","level":"DEBUG","message":"Listing media files for parent","data":{"parentId":"1AhE6PZYj3F-oPWCKMLzQEGNeThEz_lrn","childrenDepth":4}}
{"timestamp":"2025-05-17T21:22:31.074Z","level":"DEBUG","message":"Listing media files for parent","data":{"parentId":"1kj4Ok3Y1OygotogfBiqVCaCfXhL7VZbX","childrenDepth":4}}
{"timestamp":"2025-05-17T21:22:31.446Z","level":"INFO","message":"Recursive Drive folder and file list completed","data":{"topLevelFolderCount":1}}
{"timestamp":"2025-05-17T21:22:31.453Z","level":"INFO","message":"Recursive Drive folder and file list completed","data":{"topLevelFolderCount":1}}
{"timestamp":"2025-05-17T21:32:54.256Z","level":"INFO","message":"Starting recursive Drive folder and file list request","data":null}
{"timestamp":"2025-05-17T21:32:54.256Z","level":"DEBUG","message":"Listing folders for parent","data":{"parentId":"1tsOf-8jaWutb8P6CLTyry3O00MlhMqR1","childrenDepth":0}}
{"timestamp":"2025-05-17T21:32:54.256Z","level":"DEBUG","message":"Starting recursive listing from base folder","data":{"baseFolder":"1tsOf-8jaWutb8P6CLTyry3O00MlhMqR1"}}
{"timestamp":"2025-05-17T21:32:54.212Z","level":"DEBUG","message":"Drive auth initialized","data":{"isAuthSet":true,"clientEmail":"log4u-se..."}}
{"timestamp":"2025-05-17T21:32:54.950Z","level":"DEBUG","message":"Listing folders for parent","data":{"parentId":"1k1swu9pG0Izso2Lf_koe_572_C3RErnW","childrenDepth":1}}
{"timestamp":"2025-05-17T21:32:55.363Z","level":"DEBUG","message":"Listing folders for parent","data":{"parentId":"1yB2hEnvMTiXMAPzW-iQVy9tgFTUZ7cm7","childrenDepth":2}}
{"timestamp":"2025-05-17T21:32:55.362Z","level":"DEBUG","message":"Listing folders for parent","data":{"parentId":"1NJlzaSxJVApmp27AVGirPUUl-8139p7G","childrenDepth":2}}
{"timestamp":"2025-05-17T21:32:55.711Z","level":"DEBUG","message":"Listing folders for parent","data":{"parentId":"1UHg-kFNQS2Rpgbd7z9_yjvkXLsC_qGPY","childrenDepth":3}}
{"timestamp":"2025-05-17T21:32:55.871Z","level":"DEBUG","message":"Listing folders for parent","data":{"parentId":"1rFg5jwBeaeeqVjva_wXaQJtWFmHGRvG8","childrenDepth":3}}
{"timestamp":"2025-05-17T21:32:55.872Z","level":"DEBUG","message":"Listing folders for parent","data":{"parentId":"1vdxa0sQE7s6Jk-e-aENWKhimKX6NmhqT","childrenDepth":3}}
{"timestamp":"2025-05-17T21:32:56.070Z","level":"DEBUG","message":"Listing media files for parent","data":{"parentId":"1TGckx-Ta4nvGB7m0TVSwC2mVC1SQv2RE","childrenDepth":4}}
{"timestamp":"2025-05-17T21:32:56.070Z","level":"DEBUG","message":"Listing media files for parent","data":{"parentId":"1jQqMxcJWK_41Ww5HJMZNiH-ue7vEDM07","childrenDepth":4}}
{"timestamp":"2025-05-17T21:32:56.222Z","level":"DEBUG","message":"Listing media files for parent","data":{"parentId":"1AIC2AmP1F2KEZouZjGpTSxZZvRFBwrmY","childrenDepth":4}}
{"timestamp":"2025-05-17T21:32:56.222Z","level":"DEBUG","message":"Listing media files for parent","data":{"parentId":"1bjf8azAyiF5k2wRZzXVbgM6URqTFozj_","childrenDepth":4}}
{"timestamp":"2025-05-17T21:32:56.353Z","level":"DEBUG","message":"Listing media files for parent","data":{"parentId":"1kj4Ok3Y1OygotogfBiqVCaCfXhL7VZbX","childrenDepth":4}}
{"timestamp":"2025-05-17T21:32:56.353Z","level":"DEBUG","message":"Listing media files for parent","data":{"parentId":"1AhE6PZYj3F-oPWCKMLzQEGNeThEz_lrn","childrenDepth":4}}
{"timestamp":"2025-05-17T21:32:56.801Z","level":"INFO","message":"Recursive Drive folder and file list completed","data":{"topLevelFolderCount":1}}
{"timestamp":"2025-05-17T21:33:26.880Z","level":"DEBUG","message":"Starting recursive listing from base folder","data":{"baseFolder":"1tsOf-8jaWutb8P6CLTyry3O00MlhMqR1"}}
{"timestamp":"2025-05-17T21:33:26.880Z","level":"DEBUG","message":"Listing folders for parent","data":{"parentId":"1tsOf-8jaWutb8P6CLTyry3O00MlhMqR1","childrenDepth":0}}
{"timestamp":"2025-05-17T21:33:26.880Z","level":"INFO","message":"Starting recursive Drive folder and file list request","data":null}
{"timestamp":"2025-05-17T21:33:26.854Z","level":"DEBUG","message":"Drive auth initialized","data":{"isAuthSet":true,"clientEmail":"log4u-se..."}}
{"timestamp":"2025-05-17T21:33:26.891Z","level":"DEBUG","message":"Starting recursive listing from base folder","data":{"baseFolder":"1tsOf-8jaWutb8P6CLTyry3O00MlhMqR1"}}
{"timestamp":"2025-05-17T21:33:26.891Z","level":"DEBUG","message":"Listing folders for parent","data":{"parentId":"1tsOf-8jaWutb8P6CLTyry3O00MlhMqR1","childrenDepth":0}}
{"timestamp":"2025-05-17T21:33:26.891Z","level":"INFO","message":"Starting recursive Drive folder and file list request","data":null}
{"timestamp":"2025-05-17T21:33:27.576Z","level":"DEBUG","message":"Listing folders for parent","data":{"parentId":"1k1swu9pG0Izso2Lf_koe_572_C3RErnW","childrenDepth":1}}
{"timestamp":"2025-05-17T21:33:27.718Z","level":"DEBUG","message":"Listing folders for parent","data":{"parentId":"1k1swu9pG0Izso2Lf_koe_572_C3RErnW","childrenDepth":1}}
{"timestamp":"2025-05-17T21:33:27.943Z","level":"DEBUG","message":"Listing folders for parent","data":{"parentId":"1yB2hEnvMTiXMAPzW-iQVy9tgFTUZ7cm7","childrenDepth":2}}
{"timestamp":"2025-05-17T21:33:27.943Z","level":"DEBUG","message":"Listing folders for parent","data":{"parentId":"1NJlzaSxJVApmp27AVGirPUUl-8139p7G","childrenDepth":2}}
{"timestamp":"2025-05-17T21:33:28.057Z","level":"DEBUG","message":"Listing folders for parent","data":{"parentId":"1yB2hEnvMTiXMAPzW-iQVy9tgFTUZ7cm7","childrenDepth":2}}
{"timestamp":"2025-05-17T21:33:28.057Z","level":"DEBUG","message":"Listing folders for parent","data":{"parentId":"1NJlzaSxJVApmp27AVGirPUUl-8139p7G","childrenDepth":2}}
{"timestamp":"2025-05-17T21:33:28.322Z","level":"DEBUG","message":"Listing folders for parent","data":{"parentId":"1UHg-kFNQS2Rpgbd7z9_yjvkXLsC_qGPY","childrenDepth":3}}
{"timestamp":"2025-05-17T21:33:28.398Z","level":"DEBUG","message":"Listing folders for parent","data":{"parentId":"1UHg-kFNQS2Rpgbd7z9_yjvkXLsC_qGPY","childrenDepth":3}}
{"timestamp":"2025-05-17T21:33:28.481Z","level":"DEBUG","message":"Listing folders for parent","data":{"parentId":"1rFg5jwBeaeeqVjva_wXaQJtWFmHGRvG8","childrenDepth":3}}
{"timestamp":"2025-05-17T21:33:28.481Z","level":"DEBUG","message":"Listing folders for parent","data":{"parentId":"1vdxa0sQE7s6Jk-e-aENWKhimKX6NmhqT","childrenDepth":3}}
{"timestamp":"2025-05-17T21:33:28.575Z","level":"DEBUG","message":"Listing folders for parent","data":{"parentId":"1vdxa0sQE7s6Jk-e-aENWKhimKX6NmhqT","childrenDepth":3}}
{"timestamp":"2025-05-17T21:33:28.575Z","level":"DEBUG","message":"Listing folders for parent","data":{"parentId":"1rFg5jwBeaeeqVjva_wXaQJtWFmHGRvG8","childrenDepth":3}}
{"timestamp":"2025-05-17T21:33:28.706Z","level":"DEBUG","message":"Listing media files for parent","data":{"parentId":"1TGckx-Ta4nvGB7m0TVSwC2mVC1SQv2RE","childrenDepth":4}}
{"timestamp":"2025-05-17T21:33:28.706Z","level":"DEBUG","message":"Listing media files for parent","data":{"parentId":"1jQqMxcJWK_41Ww5HJMZNiH-ue7vEDM07","childrenDepth":4}}
{"timestamp":"2025-05-17T21:33:28.785Z","level":"DEBUG","message":"Listing media files for parent","data":{"parentId":"1TGckx-Ta4nvGB7m0TVSwC2mVC1SQv2RE","childrenDepth":4}}
{"timestamp":"2025-05-17T21:33:28.785Z","level":"DEBUG","message":"Listing media files for parent","data":{"parentId":"1jQqMxcJWK_41Ww5HJMZNiH-ue7vEDM07","childrenDepth":4}}
{"timestamp":"2025-05-17T21:33:28.836Z","level":"DEBUG","message":"Listing media files for parent","data":{"parentId":"1AIC2AmP1F2KEZouZjGpTSxZZvRFBwrmY","childrenDepth":4}}
{"timestamp":"2025-05-17T21:33:28.836Z","level":"DEBUG","message":"Listing media files for parent","data":{"parentId":"1bjf8azAyiF5k2wRZzXVbgM6URqTFozj_","childrenDepth":4}}
{"timestamp":"2025-05-17T21:33:29.029Z","level":"DEBUG","message":"Listing media files for parent","data":{"parentId":"1AhE6PZYj3F-oPWCKMLzQEGNeThEz_lrn","childrenDepth":4}}
{"timestamp":"2025-05-17T21:33:29.029Z","level":"DEBUG","message":"Listing media files for parent","data":{"parentId":"1kj4Ok3Y1OygotogfBiqVCaCfXhL7VZbX","childrenDepth":4}}
{"timestamp":"2025-05-17T21:33:29.030Z","level":"DEBUG","message":"Listing media files for parent","data":{"parentId":"1kj4Ok3Y1OygotogfBiqVCaCfXhL7VZbX","childrenDepth":4}}
{"timestamp":"2025-05-17T21:33:29.030Z","level":"DEBUG","message":"Listing media files for parent","data":{"parentId":"1AhE6PZYj3F-oPWCKMLzQEGNeThEz_lrn","childrenDepth":4}}
{"timestamp":"2025-05-17T21:33:29.234Z","level":"DEBUG","message":"Listing media files for parent","data":{"parentId":"1bjf8azAyiF5k2wRZzXVbgM6URqTFozj_","childrenDepth":4}}
{"timestamp":"2025-05-17T21:33:29.234Z","level":"DEBUG","message":"Listing media files for parent","data":{"parentId":"1AIC2AmP1F2KEZouZjGpTSxZZvRFBwrmY","childrenDepth":4}}
{"timestamp":"2025-05-17T21:33:29.576Z","level":"INFO","message":"Recursive Drive folder and file list completed","data":{"topLevelFolderCount":1}}
{"timestamp":"2025-05-17T21:33:29.669Z","level":"INFO","message":"Recursive Drive folder and file list completed","data":{"topLevelFolderCount":1}}
