{"timestamp":"2025-05-18T06:49:21.317Z","level":"DEBUG","message":"Drive auth initialized","data":{"isAuthSet":true,"clientEmail":"log4u-se..."}}
{"timestamp":"2025-05-18T06:49:21.361Z","level":"DEBUG","message":"Starting recursive listing from base folder","data":{"baseFolder":"1tsOf-8jaWutb8P6CLTyry3O00MlhMqR1"}}
{"timestamp":"2025-05-18T06:49:21.361Z","level":"INFO","message":"Starting recursive Drive folder and file list request","data":null}
{"timestamp":"2025-05-18T06:49:21.363Z","level":"DEBUG","message":"Starting recursive listing from base folder","data":{"baseFolder":"1tsOf-8jaWutb8P6CLTyry3O00MlhMqR1"}}
{"timestamp":"2025-05-18T06:49:21.362Z","level":"DEBUG","message":"Listing folders for parent","data":{"parentId":"1tsOf-8jaWutb8P6CLTyry3O00MlhMqR1","childrenDepth":0}}
{"timestamp":"2025-05-18T06:49:21.363Z","level":"DEBUG","message":"Listing folders for parent","data":{"parentId":"1tsOf-8jaWutb8P6CLTyry3O00MlhMqR1","childrenDepth":0}}
{"timestamp":"2025-05-18T06:49:21.363Z","level":"INFO","message":"Starting recursive Drive folder and file list request","data":null}
{"timestamp":"2025-05-18T06:49:22.180Z","level":"DEBUG","message":"Listing folders for parent","data":{"parentId":"1k1swu9pG0Izso2Lf_koe_572_C3RErnW","childrenDepth":1}}
{"timestamp":"2025-05-18T06:49:22.403Z","level":"DEBUG","message":"Listing folders for parent","data":{"parentId":"1k1swu9pG0Izso2Lf_koe_572_C3RErnW","childrenDepth":1}}
{"timestamp":"2025-05-18T06:49:22.543Z","level":"DEBUG","message":"Listing folders for parent","data":{"parentId":"1NJlzaSxJVApmp27AVGirPUUl-8139p7G","childrenDepth":2}}
{"timestamp":"2025-05-18T06:49:22.543Z","level":"DEBUG","message":"Listing folders for parent","data":{"parentId":"1yB2hEnvMTiXMAPzW-iQVy9tgFTUZ7cm7","childrenDepth":2}}
{"timestamp":"2025-05-18T06:49:22.742Z","level":"DEBUG","message":"Listing folders for parent","data":{"parentId":"1NJlzaSxJVApmp27AVGirPUUl-8139p7G","childrenDepth":2}}
{"timestamp":"2025-05-18T06:49:22.743Z","level":"DEBUG","message":"Listing folders for parent","data":{"parentId":"1yB2hEnvMTiXMAPzW-iQVy9tgFTUZ7cm7","childrenDepth":2}}
{"timestamp":"2025-05-18T06:49:22.930Z","level":"DEBUG","message":"Listing folders for parent","data":{"parentId":"1UHg-kFNQS2Rpgbd7z9_yjvkXLsC_qGPY","childrenDepth":3}}
{"timestamp":"2025-05-18T06:49:22.930Z","level":"DEBUG","message":"Listing folders for parent","data":{"parentId":"1bhtdpLzEfkILQVvsl9T7i17AmDXDtPVK","childrenDepth":3}}
{"timestamp":"2025-05-18T06:49:23.068Z","level":"DEBUG","message":"Listing folders for parent","data":{"parentId":"1vdxa0sQE7s6Jk-e-aENWKhimKX6NmhqT","childrenDepth":3}}
{"timestamp":"2025-05-18T06:49:23.068Z","level":"DEBUG","message":"Listing folders for parent","data":{"parentId":"1rFg5jwBeaeeqVjva_wXaQJtWFmHGRvG8","childrenDepth":3}}
{"timestamp":"2025-05-18T06:49:23.092Z","level":"DEBUG","message":"Listing folders for parent","data":{"parentId":"1UHg-kFNQS2Rpgbd7z9_yjvkXLsC_qGPY","childrenDepth":3}}
{"timestamp":"2025-05-18T06:49:23.092Z","level":"DEBUG","message":"Listing folders for parent","data":{"parentId":"1bhtdpLzEfkILQVvsl9T7i17AmDXDtPVK","childrenDepth":3}}
{"timestamp":"2025-05-18T06:49:23.251Z","level":"DEBUG","message":"Listing folders for parent","data":{"parentId":"1rFg5jwBeaeeqVjva_wXaQJtWFmHGRvG8","childrenDepth":3}}
{"timestamp":"2025-05-18T06:49:23.251Z","level":"DEBUG","message":"Listing folders for parent","data":{"parentId":"1vdxa0sQE7s6Jk-e-aENWKhimKX6NmhqT","childrenDepth":3}}
{"timestamp":"2025-05-18T06:49:23.283Z","level":"DEBUG","message":"Listing media files for parent","data":{"parentId":"1TGckx-Ta4nvGB7m0TVSwC2mVC1SQv2RE","childrenDepth":4}}
{"timestamp":"2025-05-18T06:49:23.282Z","level":"DEBUG","message":"Listing media files for parent","data":{"parentId":"1jQqMxcJWK_41Ww5HJMZNiH-ue7vEDM07","childrenDepth":4}}
{"timestamp":"2025-05-18T06:49:23.420Z","level":"DEBUG","message":"Listing media files for parent","data":{"parentId":"1bjf8azAyiF5k2wRZzXVbgM6URqTFozj_","childrenDepth":4}}
{"timestamp":"2025-05-18T06:49:23.420Z","level":"DEBUG","message":"Listing media files for parent","data":{"parentId":"1AIC2AmP1F2KEZouZjGpTSxZZvRFBwrmY","childrenDepth":4}}
{"timestamp":"2025-05-18T06:49:23.430Z","level":"DEBUG","message":"Listing media files for parent","data":{"parentId":"1jQqMxcJWK_41Ww5HJMZNiH-ue7vEDM07","childrenDepth":4}}
{"timestamp":"2025-05-18T06:49:23.430Z","level":"DEBUG","message":"Listing media files for parent","data":{"parentId":"1TGckx-Ta4nvGB7m0TVSwC2mVC1SQv2RE","childrenDepth":4}}
{"timestamp":"2025-05-18T06:49:23.521Z","level":"DEBUG","message":"Listing media files for parent","data":{"parentId":"1GKGULMQB_1eAhMcfheQIc9-IHyAqzMHW","childrenDepth":4}}
{"timestamp":"2025-05-18T06:49:23.521Z","level":"DEBUG","message":"Listing media files for parent","data":{"parentId":"1oOxiejYejzAu2nAg0HOxasVu6cNuP5nz","childrenDepth":4}}
{"timestamp":"2025-05-18T06:49:23.592Z","level":"DEBUG","message":"Listing media files for parent","data":{"parentId":"1AIC2AmP1F2KEZouZjGpTSxZZvRFBwrmY","childrenDepth":4}}
{"timestamp":"2025-05-18T06:49:23.592Z","level":"DEBUG","message":"Listing media files for parent","data":{"parentId":"1bjf8azAyiF5k2wRZzXVbgM6URqTFozj_","childrenDepth":4}}
{"timestamp":"2025-05-18T06:49:23.604Z","level":"DEBUG","message":"Listing media files for parent","data":{"parentId":"1kj4Ok3Y1OygotogfBiqVCaCfXhL7VZbX","childrenDepth":4}}
{"timestamp":"2025-05-18T06:49:23.604Z","level":"DEBUG","message":"Listing media files for parent","data":{"parentId":"1AhE6PZYj3F-oPWCKMLzQEGNeThEz_lrn","childrenDepth":4}}
{"timestamp":"2025-05-18T06:49:23.607Z","level":"DEBUG","message":"Listing media files for parent","data":{"parentId":"1GKGULMQB_1eAhMcfheQIc9-IHyAqzMHW","childrenDepth":4}}
{"timestamp":"2025-05-18T06:49:23.607Z","level":"DEBUG","message":"Listing media files for parent","data":{"parentId":"1oOxiejYejzAu2nAg0HOxasVu6cNuP5nz","childrenDepth":4}}
{"timestamp":"2025-05-18T06:49:23.810Z","level":"DEBUG","message":"Listing media files for parent","data":{"parentId":"1kj4Ok3Y1OygotogfBiqVCaCfXhL7VZbX","childrenDepth":4}}
{"timestamp":"2025-05-18T06:49:23.810Z","level":"DEBUG","message":"Listing media files for parent","data":{"parentId":"1AhE6PZYj3F-oPWCKMLzQEGNeThEz_lrn","childrenDepth":4}}
{"timestamp":"2025-05-18T06:49:24.173Z","level":"INFO","message":"Recursive Drive folder and file list completed","data":{"topLevelFolderCount":1}}
{"timestamp":"2025-05-18T06:49:24.268Z","level":"INFO","message":"Recursive Drive folder and file list completed","data":{"topLevelFolderCount":1}}
{"timestamp":"2025-05-18T06:52:07.468Z","level":"DEBUG","message":"Drive auth initialized","data":{"isAuthSet":true,"clientEmail":"log4u-se..."}}
{"timestamp":"2025-05-18T06:52:07.509Z","level":"DEBUG","message":"Listing folders for parent","data":{"parentId":"1tsOf-8jaWutb8P6CLTyry3O00MlhMqR1","childrenDepth":0}}
{"timestamp":"2025-05-18T06:52:07.509Z","level":"DEBUG","message":"Starting recursive listing from base folder","data":{"baseFolder":"1tsOf-8jaWutb8P6CLTyry3O00MlhMqR1"}}
{"timestamp":"2025-05-18T06:52:07.509Z","level":"INFO","message":"Starting recursive Drive folder and file list request","data":null}
{"timestamp":"2025-05-18T06:52:08.201Z","level":"DEBUG","message":"Listing folders for parent","data":{"parentId":"1k1swu9pG0Izso2Lf_koe_572_C3RErnW","childrenDepth":1}}
{"timestamp":"2025-05-18T06:52:08.527Z","level":"DEBUG","message":"Listing folders for parent","data":{"parentId":"1yB2hEnvMTiXMAPzW-iQVy9tgFTUZ7cm7","childrenDepth":2}}
{"timestamp":"2025-05-18T06:52:08.527Z","level":"DEBUG","message":"Listing folders for parent","data":{"parentId":"1NJlzaSxJVApmp27AVGirPUUl-8139p7G","childrenDepth":2}}
{"timestamp":"2025-05-18T06:52:08.842Z","level":"DEBUG","message":"Listing folders for parent","data":{"parentId":"1bhtdpLzEfkILQVvsl9T7i17AmDXDtPVK","childrenDepth":3}}
{"timestamp":"2025-05-18T06:52:08.841Z","level":"DEBUG","message":"Listing folders for parent","data":{"parentId":"1UHg-kFNQS2Rpgbd7z9_yjvkXLsC_qGPY","childrenDepth":3}}
{"timestamp":"2025-05-18T06:52:09.022Z","level":"DEBUG","message":"Listing folders for parent","data":{"parentId":"1rFg5jwBeaeeqVjva_wXaQJtWFmHGRvG8","childrenDepth":3}}
{"timestamp":"2025-05-18T06:52:09.023Z","level":"DEBUG","message":"Listing folders for parent","data":{"parentId":"1vdxa0sQE7s6Jk-e-aENWKhimKX6NmhqT","childrenDepth":3}}
{"timestamp":"2025-05-18T06:52:09.184Z","level":"DEBUG","message":"Listing media files for parent","data":{"parentId":"1jQqMxcJWK_41Ww5HJMZNiH-ue7vEDM07","childrenDepth":4}}
{"timestamp":"2025-05-18T06:52:09.184Z","level":"DEBUG","message":"Listing media files for parent","data":{"parentId":"1TGckx-Ta4nvGB7m0TVSwC2mVC1SQv2RE","childrenDepth":4}}
{"timestamp":"2025-05-18T06:52:09.341Z","level":"DEBUG","message":"Listing media files for parent","data":{"parentId":"1GKGULMQB_1eAhMcfheQIc9-IHyAqzMHW","childrenDepth":4}}
{"timestamp":"2025-05-18T06:52:09.341Z","level":"DEBUG","message":"Listing media files for parent","data":{"parentId":"1oOxiejYejzAu2nAg0HOxasVu6cNuP5nz","childrenDepth":4}}
{"timestamp":"2025-05-18T06:52:09.347Z","level":"DEBUG","message":"Listing media files for parent","data":{"parentId":"1bjf8azAyiF5k2wRZzXVbgM6URqTFozj_","childrenDepth":4}}
{"timestamp":"2025-05-18T06:52:09.347Z","level":"DEBUG","message":"Listing media files for parent","data":{"parentId":"1AIC2AmP1F2KEZouZjGpTSxZZvRFBwrmY","childrenDepth":4}}
{"timestamp":"2025-05-18T06:52:09.531Z","level":"DEBUG","message":"Listing media files for parent","data":{"parentId":"1kj4Ok3Y1OygotogfBiqVCaCfXhL7VZbX","childrenDepth":4}}
{"timestamp":"2025-05-18T06:52:09.531Z","level":"DEBUG","message":"Listing media files for parent","data":{"parentId":"1AhE6PZYj3F-oPWCKMLzQEGNeThEz_lrn","childrenDepth":4}}
{"timestamp":"2025-05-18T06:52:10.090Z","level":"INFO","message":"Recursive Drive folder and file list completed","data":{"topLevelFolderCount":1}}
{"timestamp":"2025-05-18T07:40:33.586Z","level":"INFO","message":"Starting recursive Drive folder and file list request","data":null}
{"timestamp":"2025-05-18T07:40:33.586Z","level":"DEBUG","message":"Starting recursive listing from base folder","data":{"baseFolder":"1tsOf-8jaWutb8P6CLTyry3O00MlhMqR1"}}
{"timestamp":"2025-05-18T07:40:33.586Z","level":"DEBUG","message":"Listing folders for parent","data":{"parentId":"1tsOf-8jaWutb8P6CLTyry3O00MlhMqR1","childrenDepth":0}}
{"timestamp":"2025-05-18T07:40:33.590Z","level":"DEBUG","message":"Starting recursive listing from base folder","data":{"baseFolder":"1tsOf-8jaWutb8P6CLTyry3O00MlhMqR1"}}
{"timestamp":"2025-05-18T07:40:33.590Z","level":"INFO","message":"Starting recursive Drive folder and file list request","data":null}
{"timestamp":"2025-05-18T07:40:33.546Z","level":"DEBUG","message":"Drive auth initialized","data":{"isAuthSet":true,"clientEmail":"log4u-se..."}}
{"timestamp":"2025-05-18T07:40:33.590Z","level":"DEBUG","message":"Listing folders for parent","data":{"parentId":"1tsOf-8jaWutb8P6CLTyry3O00MlhMqR1","childrenDepth":0}}
{"timestamp":"2025-05-18T07:40:34.286Z","level":"DEBUG","message":"Listing folders for parent","data":{"parentId":"1k1swu9pG0Izso2Lf_koe_572_C3RErnW","childrenDepth":1}}
{"timestamp":"2025-05-18T07:40:34.387Z","level":"DEBUG","message":"Listing folders for parent","data":{"parentId":"1k1swu9pG0Izso2Lf_koe_572_C3RErnW","childrenDepth":1}}
{"timestamp":"2025-05-18T07:40:34.643Z","level":"DEBUG","message":"Listing folders for parent","data":{"parentId":"1yB2hEnvMTiXMAPzW-iQVy9tgFTUZ7cm7","childrenDepth":2}}
{"timestamp":"2025-05-18T07:40:34.642Z","level":"DEBUG","message":"Listing folders for parent","data":{"parentId":"1NJlzaSxJVApmp27AVGirPUUl-8139p7G","childrenDepth":2}}
{"timestamp":"2025-05-18T07:40:34.766Z","level":"DEBUG","message":"Listing folders for parent","data":{"parentId":"1NJlzaSxJVApmp27AVGirPUUl-8139p7G","childrenDepth":2}}
{"timestamp":"2025-05-18T07:40:34.766Z","level":"DEBUG","message":"Listing folders for parent","data":{"parentId":"1yB2hEnvMTiXMAPzW-iQVy9tgFTUZ7cm7","childrenDepth":2}}
{"timestamp":"2025-05-18T07:40:34.977Z","level":"DEBUG","message":"Listing folders for parent","data":{"parentId":"1UHg-kFNQS2Rpgbd7z9_yjvkXLsC_qGPY","childrenDepth":3}}
{"timestamp":"2025-05-18T07:40:34.977Z","level":"DEBUG","message":"Listing folders for parent","data":{"parentId":"1bhtdpLzEfkILQVvsl9T7i17AmDXDtPVK","childrenDepth":3}}
{"timestamp":"2025-05-18T07:40:35.116Z","level":"DEBUG","message":"Listing folders for parent","data":{"parentId":"1vdxa0sQE7s6Jk-e-aENWKhimKX6NmhqT","childrenDepth":3}}
{"timestamp":"2025-05-18T07:40:35.116Z","level":"DEBUG","message":"Listing folders for parent","data":{"parentId":"1rFg5jwBeaeeqVjva_wXaQJtWFmHGRvG8","childrenDepth":3}}
{"timestamp":"2025-05-18T07:40:35.117Z","level":"DEBUG","message":"Listing folders for parent","data":{"parentId":"1bhtdpLzEfkILQVvsl9T7i17AmDXDtPVK","childrenDepth":3}}
{"timestamp":"2025-05-18T07:40:35.117Z","level":"DEBUG","message":"Listing folders for parent","data":{"parentId":"1UHg-kFNQS2Rpgbd7z9_yjvkXLsC_qGPY","childrenDepth":3}}
{"timestamp":"2025-05-18T07:40:35.221Z","level":"DEBUG","message":"Listing folders for parent","data":{"parentId":"1rFg5jwBeaeeqVjva_wXaQJtWFmHGRvG8","childrenDepth":3}}
{"timestamp":"2025-05-18T07:40:35.221Z","level":"DEBUG","message":"Listing folders for parent","data":{"parentId":"1vdxa0sQE7s6Jk-e-aENWKhimKX6NmhqT","childrenDepth":3}}
{"timestamp":"2025-05-18T07:40:35.343Z","level":"DEBUG","message":"Listing media files for parent","data":{"parentId":"1jQqMxcJWK_41Ww5HJMZNiH-ue7vEDM07","childrenDepth":4}}
{"timestamp":"2025-05-18T07:40:35.343Z","level":"DEBUG","message":"Listing media files for parent","data":{"parentId":"1TGckx-Ta4nvGB7m0TVSwC2mVC1SQv2RE","childrenDepth":4}}
{"timestamp":"2025-05-18T07:40:35.458Z","level":"DEBUG","message":"Listing media files for parent","data":{"parentId":"1GKGULMQB_1eAhMcfheQIc9-IHyAqzMHW","childrenDepth":4}}
{"timestamp":"2025-05-18T07:40:35.458Z","level":"DEBUG","message":"Listing media files for parent","data":{"parentId":"1oOxiejYejzAu2nAg0HOxasVu6cNuP5nz","childrenDepth":4}}
{"timestamp":"2025-05-18T07:40:35.459Z","level":"DEBUG","message":"Listing media files for parent","data":{"parentId":"1AIC2AmP1F2KEZouZjGpTSxZZvRFBwrmY","childrenDepth":4}}
{"timestamp":"2025-05-18T07:40:35.459Z","level":"DEBUG","message":"Listing media files for parent","data":{"parentId":"1bjf8azAyiF5k2wRZzXVbgM6URqTFozj_","childrenDepth":4}}
{"timestamp":"2025-05-18T07:40:35.498Z","level":"DEBUG","message":"Listing media files for parent","data":{"parentId":"1kj4Ok3Y1OygotogfBiqVCaCfXhL7VZbX","childrenDepth":4}}
{"timestamp":"2025-05-18T07:40:35.498Z","level":"DEBUG","message":"Listing media files for parent","data":{"parentId":"1AhE6PZYj3F-oPWCKMLzQEGNeThEz_lrn","childrenDepth":4}}
{"timestamp":"2025-05-18T07:40:35.602Z","level":"DEBUG","message":"Listing media files for parent","data":{"parentId":"1bjf8azAyiF5k2wRZzXVbgM6URqTFozj_","childrenDepth":4}}
{"timestamp":"2025-05-18T07:40:35.601Z","level":"DEBUG","message":"Listing media files for parent","data":{"parentId":"1AIC2AmP1F2KEZouZjGpTSxZZvRFBwrmY","childrenDepth":4}}
{"timestamp":"2025-05-18T07:40:35.656Z","level":"DEBUG","message":"Listing media files for parent","data":{"parentId":"1oOxiejYejzAu2nAg0HOxasVu6cNuP5nz","childrenDepth":4}}
{"timestamp":"2025-05-18T07:40:35.655Z","level":"DEBUG","message":"Listing media files for parent","data":{"parentId":"1GKGULMQB_1eAhMcfheQIc9-IHyAqzMHW","childrenDepth":4}}
{"timestamp":"2025-05-18T07:40:35.659Z","level":"DEBUG","message":"Listing media files for parent","data":{"parentId":"1jQqMxcJWK_41Ww5HJMZNiH-ue7vEDM07","childrenDepth":4}}
{"timestamp":"2025-05-18T07:40:35.659Z","level":"DEBUG","message":"Listing media files for parent","data":{"parentId":"1TGckx-Ta4nvGB7m0TVSwC2mVC1SQv2RE","childrenDepth":4}}
{"timestamp":"2025-05-18T07:40:35.660Z","level":"DEBUG","message":"Listing media files for parent","data":{"parentId":"1kj4Ok3Y1OygotogfBiqVCaCfXhL7VZbX","childrenDepth":4}}
{"timestamp":"2025-05-18T07:40:35.660Z","level":"DEBUG","message":"Listing media files for parent","data":{"parentId":"1AhE6PZYj3F-oPWCKMLzQEGNeThEz_lrn","childrenDepth":4}}
{"timestamp":"2025-05-18T07:40:35.984Z","level":"INFO","message":"Recursive Drive folder and file list completed","data":{"topLevelFolderCount":1}}
{"timestamp":"2025-05-18T07:40:36.178Z","level":"INFO","message":"Recursive Drive folder and file list completed","data":{"topLevelFolderCount":1}}
{"timestamp":"2025-05-18T07:51:32.128Z","level":"DEBUG","message":"Drive auth initialized","data":{"isAuthSet":true,"clientEmail":"log4u-se..."}}
{"timestamp":"2025-05-18T07:51:32.170Z","level":"DEBUG","message":"Starting recursive listing from base folder","data":{"baseFolder":"1tsOf-8jaWutb8P6CLTyry3O00MlhMqR1"}}
{"timestamp":"2025-05-18T07:51:32.170Z","level":"DEBUG","message":"Listing folders for parent","data":{"parentId":"1tsOf-8jaWutb8P6CLTyry3O00MlhMqR1","childrenDepth":0}}
{"timestamp":"2025-05-18T07:51:32.170Z","level":"INFO","message":"Starting recursive Drive folder and file list request","data":null}
{"timestamp":"2025-05-18T07:51:32.944Z","level":"DEBUG","message":"Listing folders for parent","data":{"parentId":"1k1swu9pG0Izso2Lf_koe_572_C3RErnW","childrenDepth":1}}
{"timestamp":"2025-05-18T07:51:33.389Z","level":"DEBUG","message":"Listing folders for parent","data":{"parentId":"1yB2hEnvMTiXMAPzW-iQVy9tgFTUZ7cm7","childrenDepth":2}}
{"timestamp":"2025-05-18T07:51:33.389Z","level":"DEBUG","message":"Listing folders for parent","data":{"parentId":"1NJlzaSxJVApmp27AVGirPUUl-8139p7G","childrenDepth":2}}
{"timestamp":"2025-05-18T07:51:33.763Z","level":"DEBUG","message":"Listing folders for parent","data":{"parentId":"1bhtdpLzEfkILQVvsl9T7i17AmDXDtPVK","childrenDepth":3}}
{"timestamp":"2025-05-18T07:51:33.762Z","level":"DEBUG","message":"Listing folders for parent","data":{"parentId":"1UHg-kFNQS2Rpgbd7z9_yjvkXLsC_qGPY","childrenDepth":3}}
{"timestamp":"2025-05-18T07:51:33.882Z","level":"DEBUG","message":"Listing folders for parent","data":{"parentId":"1rFg5jwBeaeeqVjva_wXaQJtWFmHGRvG8","childrenDepth":3}}
{"timestamp":"2025-05-18T07:51:33.883Z","level":"DEBUG","message":"Listing folders for parent","data":{"parentId":"1vdxa0sQE7s6Jk-e-aENWKhimKX6NmhqT","childrenDepth":3}}
{"timestamp":"2025-05-18T07:51:34.207Z","level":"DEBUG","message":"Listing media files for parent","data":{"parentId":"1TGckx-Ta4nvGB7m0TVSwC2mVC1SQv2RE","childrenDepth":4}}
{"timestamp":"2025-05-18T07:51:34.207Z","level":"DEBUG","message":"Listing media files for parent","data":{"parentId":"1jQqMxcJWK_41Ww5HJMZNiH-ue7vEDM07","childrenDepth":4}}
{"timestamp":"2025-05-18T07:51:34.240Z","level":"DEBUG","message":"Listing media files for parent","data":{"parentId":"1bjf8azAyiF5k2wRZzXVbgM6URqTFozj_","childrenDepth":4}}
{"timestamp":"2025-05-18T07:51:34.240Z","level":"DEBUG","message":"Listing media files for parent","data":{"parentId":"1AIC2AmP1F2KEZouZjGpTSxZZvRFBwrmY","childrenDepth":4}}
{"timestamp":"2025-05-18T07:51:34.295Z","level":"DEBUG","message":"Listing media files for parent","data":{"parentId":"1oOxiejYejzAu2nAg0HOxasVu6cNuP5nz","childrenDepth":4}}
{"timestamp":"2025-05-18T07:51:34.295Z","level":"DEBUG","message":"Listing media files for parent","data":{"parentId":"1GKGULMQB_1eAhMcfheQIc9-IHyAqzMHW","childrenDepth":4}}
{"timestamp":"2025-05-18T07:51:34.367Z","level":"DEBUG","message":"Listing media files for parent","data":{"parentId":"1AhE6PZYj3F-oPWCKMLzQEGNeThEz_lrn","childrenDepth":4}}
{"timestamp":"2025-05-18T07:51:34.367Z","level":"DEBUG","message":"Listing media files for parent","data":{"parentId":"1kj4Ok3Y1OygotogfBiqVCaCfXhL7VZbX","childrenDepth":4}}
{"timestamp":"2025-05-18T07:51:34.846Z","level":"INFO","message":"Recursive Drive folder and file list completed","data":{"topLevelFolderCount":1}}
{"timestamp":"2025-05-18T07:53:29.788Z","level":"INFO","message":"Starting recursive Drive folder and file list request","data":null}
{"timestamp":"2025-05-18T07:53:29.747Z","level":"DEBUG","message":"Drive auth initialized","data":{"isAuthSet":true,"clientEmail":"log4u-se..."}}
{"timestamp":"2025-05-18T07:53:29.788Z","level":"DEBUG","message":"Listing folders for parent","data":{"parentId":"1tsOf-8jaWutb8P6CLTyry3O00MlhMqR1","childrenDepth":0}}
{"timestamp":"2025-05-18T07:53:29.791Z","level":"INFO","message":"Starting recursive Drive folder and file list request","data":null}
{"timestamp":"2025-05-18T07:53:29.788Z","level":"DEBUG","message":"Starting recursive listing from base folder","data":{"baseFolder":"1tsOf-8jaWutb8P6CLTyry3O00MlhMqR1"}}
{"timestamp":"2025-05-18T07:53:29.791Z","level":"DEBUG","message":"Listing folders for parent","data":{"parentId":"1tsOf-8jaWutb8P6CLTyry3O00MlhMqR1","childrenDepth":0}}
{"timestamp":"2025-05-18T07:53:29.791Z","level":"DEBUG","message":"Starting recursive listing from base folder","data":{"baseFolder":"1tsOf-8jaWutb8P6CLTyry3O00MlhMqR1"}}
{"timestamp":"2025-05-18T07:53:30.444Z","level":"DEBUG","message":"Listing folders for parent","data":{"parentId":"1k1swu9pG0Izso2Lf_koe_572_C3RErnW","childrenDepth":1}}
{"timestamp":"2025-05-18T07:53:30.525Z","level":"DEBUG","message":"Listing folders for parent","data":{"parentId":"1k1swu9pG0Izso2Lf_koe_572_C3RErnW","childrenDepth":1}}
{"timestamp":"2025-05-18T07:53:30.803Z","level":"DEBUG","message":"Listing folders for parent","data":{"parentId":"1yB2hEnvMTiXMAPzW-iQVy9tgFTUZ7cm7","childrenDepth":2}}
{"timestamp":"2025-05-18T07:53:30.803Z","level":"DEBUG","message":"Listing folders for parent","data":{"parentId":"1NJlzaSxJVApmp27AVGirPUUl-8139p7G","childrenDepth":2}}
{"timestamp":"2025-05-18T07:53:30.905Z","level":"DEBUG","message":"Listing folders for parent","data":{"parentId":"1NJlzaSxJVApmp27AVGirPUUl-8139p7G","childrenDepth":2}}
{"timestamp":"2025-05-18T07:53:30.905Z","level":"DEBUG","message":"Listing folders for parent","data":{"parentId":"1yB2hEnvMTiXMAPzW-iQVy9tgFTUZ7cm7","childrenDepth":2}}
{"timestamp":"2025-05-18T07:53:31.143Z","level":"DEBUG","message":"Listing folders for parent","data":{"parentId":"1bhtdpLzEfkILQVvsl9T7i17AmDXDtPVK","childrenDepth":3}}
{"timestamp":"2025-05-18T07:53:31.143Z","level":"DEBUG","message":"Listing folders for parent","data":{"parentId":"1UHg-kFNQS2Rpgbd7z9_yjvkXLsC_qGPY","childrenDepth":3}}
{"timestamp":"2025-05-18T07:53:31.303Z","level":"DEBUG","message":"Listing folders for parent","data":{"parentId":"1UHg-kFNQS2Rpgbd7z9_yjvkXLsC_qGPY","childrenDepth":3}}
{"timestamp":"2025-05-18T07:53:31.303Z","level":"DEBUG","message":"Listing folders for parent","data":{"parentId":"1bhtdpLzEfkILQVvsl9T7i17AmDXDtPVK","childrenDepth":3}}
{"timestamp":"2025-05-18T07:53:31.314Z","level":"DEBUG","message":"Listing folders for parent","data":{"parentId":"1rFg5jwBeaeeqVjva_wXaQJtWFmHGRvG8","childrenDepth":3}}
{"timestamp":"2025-05-18T07:53:31.314Z","level":"DEBUG","message":"Listing folders for parent","data":{"parentId":"1vdxa0sQE7s6Jk-e-aENWKhimKX6NmhqT","childrenDepth":3}}
{"timestamp":"2025-05-18T07:53:31.429Z","level":"DEBUG","message":"Listing folders for parent","data":{"parentId":"1rFg5jwBeaeeqVjva_wXaQJtWFmHGRvG8","childrenDepth":3}}
{"timestamp":"2025-05-18T07:53:31.429Z","level":"DEBUG","message":"Listing folders for parent","data":{"parentId":"1vdxa0sQE7s6Jk-e-aENWKhimKX6NmhqT","childrenDepth":3}}
{"timestamp":"2025-05-18T07:53:31.554Z","level":"DEBUG","message":"Listing media files for parent","data":{"parentId":"1TGckx-Ta4nvGB7m0TVSwC2mVC1SQv2RE","childrenDepth":4}}
{"timestamp":"2025-05-18T07:53:31.554Z","level":"DEBUG","message":"Listing media files for parent","data":{"parentId":"1jQqMxcJWK_41Ww5HJMZNiH-ue7vEDM07","childrenDepth":4}}
{"timestamp":"2025-05-18T07:53:31.664Z","level":"DEBUG","message":"Listing media files for parent","data":{"parentId":"1jQqMxcJWK_41Ww5HJMZNiH-ue7vEDM07","childrenDepth":4}}
{"timestamp":"2025-05-18T07:53:31.664Z","level":"DEBUG","message":"Listing media files for parent","data":{"parentId":"1TGckx-Ta4nvGB7m0TVSwC2mVC1SQv2RE","childrenDepth":4}}
{"timestamp":"2025-05-18T07:53:31.669Z","level":"DEBUG","message":"Listing media files for parent","data":{"parentId":"1bjf8azAyiF5k2wRZzXVbgM6URqTFozj_","childrenDepth":4}}
{"timestamp":"2025-05-18T07:53:31.669Z","level":"DEBUG","message":"Listing media files for parent","data":{"parentId":"1AIC2AmP1F2KEZouZjGpTSxZZvRFBwrmY","childrenDepth":4}}
{"timestamp":"2025-05-18T07:53:31.675Z","level":"DEBUG","message":"Listing media files for parent","data":{"parentId":"1GKGULMQB_1eAhMcfheQIc9-IHyAqzMHW","childrenDepth":4}}
{"timestamp":"2025-05-18T07:53:31.675Z","level":"DEBUG","message":"Listing media files for parent","data":{"parentId":"1oOxiejYejzAu2nAg0HOxasVu6cNuP5nz","childrenDepth":4}}
{"timestamp":"2025-05-18T07:53:31.751Z","level":"DEBUG","message":"Listing media files for parent","data":{"parentId":"1oOxiejYejzAu2nAg0HOxasVu6cNuP5nz","childrenDepth":4}}
{"timestamp":"2025-05-18T07:53:31.751Z","level":"DEBUG","message":"Listing media files for parent","data":{"parentId":"1GKGULMQB_1eAhMcfheQIc9-IHyAqzMHW","childrenDepth":4}}
{"timestamp":"2025-05-18T07:53:31.763Z","level":"DEBUG","message":"Listing media files for parent","data":{"parentId":"1AIC2AmP1F2KEZouZjGpTSxZZvRFBwrmY","childrenDepth":4}}
{"timestamp":"2025-05-18T07:53:31.763Z","level":"DEBUG","message":"Listing media files for parent","data":{"parentId":"1bjf8azAyiF5k2wRZzXVbgM6URqTFozj_","childrenDepth":4}}
{"timestamp":"2025-05-18T07:53:31.784Z","level":"DEBUG","message":"Listing media files for parent","data":{"parentId":"1kj4Ok3Y1OygotogfBiqVCaCfXhL7VZbX","childrenDepth":4}}
{"timestamp":"2025-05-18T07:53:31.785Z","level":"DEBUG","message":"Listing media files for parent","data":{"parentId":"1AhE6PZYj3F-oPWCKMLzQEGNeThEz_lrn","childrenDepth":4}}
{"timestamp":"2025-05-18T07:53:31.912Z","level":"DEBUG","message":"Listing media files for parent","data":{"parentId":"1AhE6PZYj3F-oPWCKMLzQEGNeThEz_lrn","childrenDepth":4}}
{"timestamp":"2025-05-18T07:53:31.912Z","level":"DEBUG","message":"Listing media files for parent","data":{"parentId":"1kj4Ok3Y1OygotogfBiqVCaCfXhL7VZbX","childrenDepth":4}}
{"timestamp":"2025-05-18T07:53:32.263Z","level":"INFO","message":"Recursive Drive folder and file list completed","data":{"topLevelFolderCount":1}}
{"timestamp":"2025-05-18T07:53:32.275Z","level":"INFO","message":"Recursive Drive folder and file list completed","data":{"topLevelFolderCount":1}}
